This is XeTeX, Version 3.141592653-2.6-0.999994 (TeX Live 2022) (preloaded format=xelatex 2022.12.4)  29 MAR 2023 22:12
entering extended mode
 \write18 enabled.
 %&-line parsing enabled.
**standard.tex
(./standard.tex
LaTeX2e <2021-11-15> patch level 1
L3 programming layer <2022-02-24>
! Undefined control sequence.
l.7 \maketitle
              
? 
! Emergency stop.
l.7 
    
End of file on the terminal!

 
Here is how much of TeX's memory you used:
 19 strings out of 476179
 326 string characters out of 5809544
 298513 words of memory out of 5000000
 20873 multiletter control sequences out of 15000+600000
 469259 words of font info for 28 fonts, out of 8000000 for 9000
 1348 hyphenation exceptions out of 8191
 12i,0n,12p,106b,24s stack positions out of 10000i,1000n,20000p,200000b,200000s
No pages of output.
