2005.02.19 23:17 B G:\Webpages\RR\REXX\t-rex.gif <-- rr /REXX t-rex.gif
2005.02.19 23:17 A G:\Webpages\RR\REXX\customiz.html <-- rr /REXX customiz.html
2005.02.19 23:17 A G:\Webpages\RR\REXX\index.html <-- rr /REXX index.html
2005.02.19 23:17 A G:\Webpages\RR\REXX\rexxskel.html <-- rr /REXX rexxskel.html
2005.02.19 23:17 A G:\Webpages\RR\REXX\$$jform.txt <-- rr /REXX $$jform.txt
2005.02.19 23:17 A G:\Webpages\RR\REXX\$extep2.txt <-- rr /REXX $extep2.txt
2005.02.19 23:17 A G:\Webpages\RR\REXX\$extiad.txt <-- rr /REXX $extiad.txt
2005.02.19 23:17 A G:\Webpages\RR\REXX\$extiaul.txt <-- rr /REXX $extiaul.txt
2005.02.19 23:17 A G:\Webpages\RR\REXX\@deimbed.txt <-- rr /REXX @deimbed.txt
2005.02.19 23:17 A G:\Webpages\RR\REXX\@lblid.txt <-- rr /REXX @lblid.txt
2005.02.19 23:17 A G:\Webpages\RR\REXX\@logmsg.txt <-- rr /REXX @logmsg.txt
2005.02.19 23:17 A G:\Webpages\RR\REXX\@newpref.txt <-- rr /REXX @newpref.txt
2005.02.19 23:17 A G:\Webpages\RR\REXX\@popup.txt <-- rr /REXX @popup.txt
2005.02.19 23:17 A G:\Webpages\RR\REXX\@tbdispl.txt <-- rr /REXX @tbdispl.txt
2005.02.19 23:17 A G:\Webpages\RR\REXX\addcmds.txt <-- rr /REXX addcmds.txt
2005.02.19 23:17 A G:\Webpages\RR\REXX\aliasgen.txt <-- rr /REXX aliasgen.txt
2005.02.19 23:17 A G:\Webpages\RR\REXX\alist.txt <-- rr /REXX alist.txt
2005.02.19 23:17 A G:\Webpages\RR\REXX\arrange.txt <-- rr /REXX arrange.txt
2005.02.19 23:18 A G:\Webpages\RR\REXX\attach.txt <-- rr /REXX attach.txt
2005.02.19 23:18 A G:\Webpages\RR\REXX\blktest.txt <-- rr /REXX blktest.txt
2005.02.19 23:18 A G:\Webpages\RR\REXX\blox.txt <-- rr /REXX blox.txt
2005.02.19 23:18 A G:\Webpages\RR\REXX\cmdupd.txt <-- rr /REXX cmdupd.txt
2005.02.19 23:18 A G:\Webpages\RR\REXX\cmflttbl.txt <-- rr /REXX cmflttbl.txt
2005.02.19 23:18 A G:\Webpages\RR\REXX\cmmemidx.txt <-- rr /REXX cmmemidx.txt
2005.02.19 23:18 A G:\Webpages\RR\REXX\cmrsttbl.txt <-- rr /REXX cmrsttbl.txt
2005.02.19 23:18 A G:\Webpages\RR\REXX\compile.txt <-- rr /REXX compile.txt
2005.02.19 23:18 A G:\Webpages\RR\REXX\compstat.txt <-- rr /REXX compstat.txt
2005.02.19 23:18 A G:\Webpages\RR\REXX\db2space.txt <-- rr /REXX db2space.txt
2005.02.19 23:18 A G:\Webpages\RR\REXX\deadcode.txt <-- rr /REXX deadcode.txt
2005.02.19 23:18 A G:\Webpages\RR\REXX\declocn.txt <-- rr /REXX declocn.txt
2005.02.19 23:18 A G:\Webpages\RR\REXX\deimbed.txt <-- rr /REXX deimbed.txt
2005.02.19 23:18 A G:\Webpages\RR\REXX\dirread.txt <-- rr /REXX dirread.txt
2005.02.19 23:18 A G:\Webpages\RR\REXX\dup.txt <-- rr /REXX dup.txt
2005.02.19 23:18 A G:\Webpages\RR\REXX\editpro.txt <-- rr /REXX editpro.txt
2005.02.19 23:18 A G:\Webpages\RR\REXX\elemlen.txt <-- rr /REXX elemlen.txt
2005.02.19 23:18 A G:\Webpages\RR\REXX\fa.txt <-- rr /REXX fa.txt
2005.02.19 23:18 A G:\Webpages\RR\REXX\fccmdupd.txt <-- rr /REXX fccmdupd.txt
2005.02.19 23:18 A G:\Webpages\RR\REXX\fcsupbr.txt <-- rr /REXX fcsupbr.txt
2005.02.19 23:18 A G:\Webpages\RR\REXX\fcsuped.txt <-- rr /REXX fcsuped.txt
2005.02.19 23:18 A G:\Webpages\RR\REXX\fcxref.txt <-- rr /REXX fcxref.txt
2005.02.19 23:18 A G:\Webpages\RR\REXX\firstime.txt <-- rr /REXX firstime.txt
2005.02.19 23:18 A G:\Webpages\RR\REXX\fixstats.txt <-- rr /REXX fixstats.txt
2005.02.19 23:18 A G:\Webpages\RR\REXX\flttbl.txt <-- rr /REXX flttbl.txt
2005.02.19 23:18 A G:\Webpages\RR\REXX\ftinit.txt <-- rr /REXX ftinit.txt
2005.02.19 23:18 A G:\Webpages\RR\REXX\ftperr.txt <-- rr /REXX ftperr.txt
2005.02.19 23:18 A G:\Webpages\RR\REXX\gencard.txt <-- rr /REXX gencard.txt
2005.02.19 23:18 A G:\Webpages\RR\REXX\getgdg.txt <-- rr /REXX getgdg.txt
2005.02.19 23:18 A G:\Webpages\RR\REXX\hsmlist.txt <-- rr /REXX hsmlist.txt
2005.02.19 23:18 A G:\Webpages\RR\REXX\install.txt <-- rr /REXX install.txt
2005.02.19 23:18 A G:\Webpages\RR\REXX\jalign.txt <-- rr /REXX jalign.txt
2005.02.19 23:18 A G:\Webpages\RR\REXX\jobcards.txt <-- rr /REXX jobcards.txt
2005.02.19 23:18 A G:\Webpages\RR\REXX\jobid.txt <-- rr /REXX jobid.txt
2005.02.19 23:18 A G:\Webpages\RR\REXX\kedbase.txt <-- rr /REXX kedbase.txt
2005.02.19 23:18 A G:\Webpages\RR\REXX\la.txt <-- rr /REXX la.txt
2005.02.19 23:18 A G:\Webpages\RR\REXX\latest.txt <-- rr /REXX latest.txt
2005.02.19 23:18 A G:\Webpages\RR\REXX\ldow.txt <-- rr /REXX ldow.txt
2005.02.19 23:18 A G:\Webpages\RR\REXX\listcsum.txt <-- rr /REXX listcsum.txt
2005.02.19 23:18 A G:\Webpages\RR\REXX\loadpkg.txt <-- rr /REXX loadpkg.txt
2005.02.19 23:18 A G:\Webpages\RR\REXX\macsclr.txt <-- rr /REXX macsclr.txt
2005.02.19 23:18 A G:\Webpages\RR\REXX\macskel.txt <-- rr /REXX macskel.txt
2005.02.19 23:18 A G:\Webpages\RR\REXX\macslist.txt <-- rr /REXX macslist.txt
2005.02.19 23:18 A G:\Webpages\RR\REXX\members.txt <-- rr /REXX members.txt
2005.02.19 23:18 A G:\Webpages\RR\REXX\mergejcl.txt <-- rr /REXX mergejcl.txt
2005.02.19 23:18 A G:\Webpages\RR\REXX\neatddl.txt <-- rr /REXX neatddl.txt
2005.02.19 23:18 A G:\Webpages\RR\REXX\parsedcl.txt <-- rr /REXX parsedcl.txt
2005.02.19 23:18 A G:\Webpages\RR\REXX\pdscopyd.txt <-- rr /REXX pdscopyd.txt
2005.02.19 23:18 A G:\Webpages\RR\REXX\pgfs.txt <-- rr /REXX pgfs.txt
2005.02.19 23:18 A G:\Webpages\RR\REXX\pliflow.txt <-- rr /REXX pliflow.txt
2005.02.19 23:18 A G:\Webpages\RR\REXX\plilbls.txt <-- rr /REXX plilbls.txt
2005.02.19 23:18 A G:\Webpages\RR\REXX\plimsgs.txt <-- rr /REXX plimsgs.txt
2005.02.19 23:18 A G:\Webpages\RR\REXX\plipos.txt <-- rr /REXX plipos.txt
2005.02.19 23:18 A G:\Webpages\RR\REXX\pliskip.txt <-- rr /REXX pliskip.txt
2005.02.19 23:18 A G:\Webpages\RR\REXX\plixref.txt <-- rr /REXX plixref.txt
2005.02.19 23:18 A G:\Webpages\RR\REXX\plixrefe.txt <-- rr /REXX plixrefe.txt
2005.02.19 23:18 A G:\Webpages\RR\REXX\plixrefo.txt <-- rr /REXX plixrefo.txt
2005.02.19 23:18 A G:\Webpages\RR\REXX\printme.txt <-- rr /REXX printme.txt
2005.02.19 23:18 A G:\Webpages\RR\REXX\profvars.txt <-- rr /REXX profvars.txt
2005.02.19 23:18 A G:\Webpages\RR\REXX\pullsar.txt <-- rr /REXX pullsar.txt
2005.02.19 23:18 A G:\Webpages\RR\REXX\qio.txt <-- rr /REXX qio.txt
2005.02.19 23:18 A G:\Webpages\RR\REXX\realias.txt <-- rr /REXX realias.txt
2005.02.19 23:18 A G:\Webpages\RR\REXX\rexxskel.txt <-- rr /REXX rexxskel.txt
2005.02.19 23:18 A G:\Webpages\RR\REXX\rsttbl.txt <-- rr /REXX rsttbl.txt
2005.02.19 23:18 A G:\Webpages\RR\REXX\rundata.txt <-- rr /REXX rundata.txt
2005.02.19 23:18 A G:\Webpages\RR\REXX\runexec.txt <-- rr /REXX runexec.txt
2005.02.19 23:18 A G:\Webpages\RR\REXX\segment.txt <-- rr /REXX segment.txt
2005.02.19 23:18 A G:\Webpages\RR\REXX\seize.txt <-- rr /REXX seize.txt
2005.02.19 23:18 A G:\Webpages\RR\REXX\setrefs.txt <-- rr /REXX setrefs.txt
2005.02.19 23:18 A G:\Webpages\RR\REXX\shortpg.txt <-- rr /REXX shortpg.txt
2005.02.19 23:18 A G:\Webpages\RR\REXX\shortrx.txt <-- rr /REXX shortrx.txt
2005.02.19 23:18 A G:\Webpages\RR\REXX\showflow.txt <-- rr /REXX showflow.txt
2005.02.19 23:18 A G:\Webpages\RR\REXX\showmem.txt <-- rr /REXX showmem.txt
2005.02.19 23:19 A G:\Webpages\RR\REXX\sortcmds.txt <-- rr /REXX sortcmds.txt
2005.02.19 23:19 A G:\Webpages\RR\REXX\spacerpt.txt <-- rr /REXX spacerpt.txt
2005.02.19 23:19 A G:\Webpages\RR\REXX\sqrt.txt <-- rr /REXX sqrt.txt
2005.02.19 23:19 A G:\Webpages\RR\REXX\squash.txt <-- rr /REXX squash.txt
2005.02.19 23:19 A G:\Webpages\RR\REXX\stakedit.txt <-- rr /REXX stakedit.txt
2005.02.19 23:19 A G:\Webpages\RR\REXX\strchart.txt <-- rr /REXX strchart.txt
2005.02.19 23:19 A G:\Webpages\RR\REXX\strchrt.txt <-- rr /REXX strchrt.txt
2005.02.19 23:19 A G:\Webpages\RR\REXX\strsort.txt <-- rr /REXX strsort.txt
2005.02.19 23:19 A G:\Webpages\RR\REXX\struct.txt <-- rr /REXX struct.txt
2005.02.19 23:19 A G:\Webpages\RR\REXX\sysvars.txt <-- rr /REXX sysvars.txt
2005.02.19 23:19 A G:\Webpages\RR\REXX\tbcopy.txt <-- rr /REXX tbcopy.txt
2005.02.19 23:19 A G:\Webpages\RR\REXX\tblenq.txt <-- rr /REXX tblenq.txt
2005.02.19 23:19 A G:\Webpages\RR\REXX\tblgen.txt <-- rr /REXX tblgen.txt
2005.02.19 23:19 A G:\Webpages\RR\REXX\tblmstr.txt <-- rr /REXX tblmstr.txt
2005.02.19 23:19 A G:\Webpages\RR\REXX\tblook.txt <-- rr /REXX tblook.txt
2005.02.19 23:19 A G:\Webpages\RR\REXX\tblsort.txt <-- rr /REXX tblsort.txt
2005.02.19 23:19 A G:\Webpages\RR\REXX\tbstats.txt <-- rr /REXX tbstats.txt
2005.02.19 23:19 A G:\Webpages\RR\REXX\trapout.txt <-- rr /REXX trapout.txt
2005.02.19 23:19 A G:\Webpages\RR\REXX\trimpli.txt <-- rr /REXX trimpli.txt
2005.02.19 23:19 A G:\Webpages\RR\REXX\updstat.txt <-- rr /REXX updstat.txt
2005.02.19 23:19 A G:\Webpages\RR\REXX\upoe@#st.txt <-- rr /REXX upoe@#st.txt
2005.02.19 23:19 A G:\Webpages\RR\REXX\vcx.txt <-- rr /REXX vcx.txt
2005.04.26 14:36 A E:\Webpages\RR\REXX\index.html --> web.tampabay.rr.com /REXX index.html
2005.04.26 14:39 A E:\Webpages\RR\REXX\index.html --> web.tampabay.rr.com /REXX index.html
2005.04.27 10:18 B E:\Webpages\RR\REXX\rexxla.png --> web.tampabay.rr.com /REXX rexxla.png
2005.04.27 10:18 B E:\Webpages\RR\REXX\rexxla.ico --> web.tampabay.rr.com /REXX rexxla.ico
2005.04.27 10:18 A E:\Webpages\RR\REXX\index.html --> web.tampabay.rr.com /REXX index.html
2005.04.27 10:33 B E:\Webpages\RR\REXX\new_rexxla.gif --> web.tampabay.rr.com /REXX new_rexxla.gif
2005.04.27 10:33 A E:\Webpages\RR\REXX\index.html --> web.tampabay.rr.com /REXX index.html
2005.04.27 10:36 B E:\Webpages\RR\REXX\rexxla.ico --> web.tampabay.rr.com /REXX favicon.ico
2005.04.27 10:38 B E:\Webpages\RR\REXX\favicon.ico --> web.tampabay.rr.com /REXX favicon.ico
2005.04.27 10:38 A E:\Webpages\RR\REXX\index.html --> web.tampabay.rr.com /REXX index.html
2005.07.07 13:38 A E:\webpages\rr\rexx\NOOP.txt <-- FATHER 'DTAFXC.LIB.EXEC' NOOP     
2005.07.31 14:25 A G:\Webpages\RR\REXX\index.html --> web.tampabay.rr.com /REXX index.html
2005.08.01 11:10 A E:\webpages\rr\rexx\COMPARM.txt <-- FATHER 'DTAFXC.@@.EXEC' COMPARM
2005.08.01 11:10 A E:\webpages\rr\rexx\COMPDt.txt <-- FATHER 'DTAFXC.@@.EXEC' COMPDT   
2005.08.01 11:11 A E:\webpages\rr\rexx\ACQ.txt <-- FATHER 'DTAFXC.@@.EXEC' ACQ      
2005.08.01 11:13 A E:\webpages\rr\rexx\GETNAMe.txt <-- FATHER 'DTAFXC.@@.EXEC' GETNAME
2005.08.01 11:14 A E:\webpages\rr\rexx\HURL.txt <-- FATHER 'DTAFXC.@@.EXEC' HURL     
2005.08.01 11:15 A E:\webpages\rr\rexx\MTHLIM.txt <-- FATHER 'DTAFXC.@@.EXEC' MTHLIM   
2005.08.01 11:15 A E:\webpages\rr\rexx\NMAR.txt <-- FATHER 'DTAFXC.@@.EXEC' NMAR     
2005.08.01 11:17 A E:\webpages\rr\rexx\SCHED.txt <-- FATHER 'DTAFXC.@@.EXEC' SCHED    
2005.08.01 11:17 A E:\webpages\rr\rexx\SCHINIT.txt <-- FATHER 'DTAFXC.@@.EXEC' SCHINIT
2005.08.01 11:17 A E:\webpages\rr\rexx\SCRAM.txt <-- FATHER 'DTAFXC.@@.EXEC' SCRAM    
2005.09.16 15:06 A E:\webpages\rr\rexx\CL.txt <-- FATHER 'DTAFXC.@@ICE.EXEC' CL       
2005.09.16 15:06 A E:\webpages\rr\rexx\cr.txt <-- FATHER 'DTAFXC.@@ICE.EXEC' CR       
2005.09.16 15:06 A E:\webpages\rr\rexx\en.txt <-- FATHER 'DTAFXC.@@ICE.EXEC' EN       
2005.09.16 15:06 A E:\webpages\rr\rexx\MARK.txt <-- FATHER 'DTAFXC.@@ICE.EXEC' MARK     
2005.09.16 15:07 A E:\webpages\rr\rexx\NORXSKEL.txt <-- FATHER 'DTAFXC.@@ICE.EXEC' NORXSKEL
2005.09.16 15:07 A E:\webpages\rr\rexx\pgf.txt <-- FATHER 'DTAFXC.@@ICE.EXEC' PGF      
2005.09.16 15:08 A E:\webpages\rr\rexx\SKELH.txt <-- FATHER 'DTAFXC.@@ICE.EXEC' SKELH    
2005.09.16 15:08 A E:\webpages\rr\rexx\skelt.txt <-- FATHER 'DTAFXC.@@ICE.EXEC' SKELT    
2005.09.16 15:09 A E:\webpages\rr\rexx\wb.txt <-- FATHER 'DTAFXC.@@ICE.EXEC' WB       
2005.09.16 15:09 A E:\webpages\rr\rexx\WBNAME.txt <-- FATHER 'DTAFXC.@@ICE.EXEC' WBNAME   
2005.09.22 14:48 A E:\Webpages\RR\REXX\index.html --> web.tampabay.rr.com /REXX index.html
2005.10.06 14:09 A E:\webpages\rr\rexx\MERGETBL.txt <-- FATHER 'DTAFXC.@@.EXEC' MERGETBL
2005.10.06 14:17 A E:\webpages\rr\rexx\index.html --> web.tampabay.rr.com /REXX index.html
2005.10.06 14:18 A E:\webpages\rr\rexx\MERGETBL.txt --> web.tampabay.rr.com /REXX MERGETBL.txt
2005.10.06 14:20 A E:\webpages\rr\rexx\index.html --> web.tampabay.rr.com /REXX index.html
2005.10.10 09:11 A E:\Webpages\RR\REXX\mergetbl.txt --> web.tampabay.rr.com /REXX mergetbl.txt
2005.10.14 14:21 A E:\Webpages\rr\rexx\tblook.txt <-- FATHER 'DTAFXC.@@.EXEC' TBLOOK   
2005.10.14 14:25 A E:\Webpages\rr\rexx\tblook.txt --> web.tampabay.rr.com /REXX tblook.txt
2005.10.14 15:07 A E:\Webpages\rr\rexx\index.html --> web.tampabay.rr.com /REXX index.html
2005.10.21 12:37 A E:\Webpages\RR\REXX\tblook.txt --> web.tampabay.rr.com /REXX tblook.txt
2005.12.01 16:13 A E:\webpages\rr\rexx\MACSLISt.txt <-- FATHER 'DTAFXC.@@.EXEC' MACSLIST
2005.12.01 16:13 A E:\webpages\rr\rexx\NEWALIAS.txt <-- FATHER 'DTAFXC.@@.EXEC' NEWALIAS
2005.12.01 16:14 A E:\webpages\rr\rexx\REPGEN.txt <-- FATHER 'DTAFXC.@@.EXEC' REPGEN   
2006.03.21 18:42 A E:\Webpages\RR\REXX\@DEIMBED <-- father 'DTAFXC.@@.EXEC' @DEIMBED
2006.03.21 18:43 A E:\Webpages\RR\REXX\PLIXREFE <-- father 'DTAFXC.@@.EXEC' PLIXREFE
2006.03.29 10:16 A E:\webpages\rr\rexx\combine.txt <-- FATHER 'DTAFXC.@@.EXEC' COMBINE
2006.03.29 10:19 A E:\webpages\rr\rexx\combine.txt --> web.tampabay.rr.com /REXX combine.txt
2006.05.23 20:48 A G:\Webpages\RR\REXX\DC.txt <-- rr /REXX DC.txt
2006.05.23 21:05 A G:\Webpages\RR\REXX\newalias.txt --> web.tampabay.rr.com /REXX newalias.txt
2006.05.23 21:06 A G:\Webpages\RR\REXX\repgen.txt --> web.tampabay.rr.com /REXX repgen.txt
2006.05.24 22:06 A G:\Webpages\RR\REXX\index.html --> web.tampabay.rr.com /REXX index.html
2006.05.30 14:55 A E:\Webpages\RR\REXX\index.html --> web.tampabay.rr.com /REXX index.html
2006.05.30 14:57 A E:\Webpages\RR\REXX\index.html --> web.tampabay.rr.com /REXX index.html
2006.06.15 18:26 A G:\Webpages\RR\REXX\index.html --> web.tampabay.rr.com /REXX index.html
2006.06.15 18:30 A G:\Webpages\RR\REXX\index.html --> web.tampabay.rr.com /REXX index.html
2006.11.20 15:04 A E:\Webpages\RR\REXX\$$jform.txt --> web.tampabay.rr.com /REXX $$jform.txt
2006.11.20 15:19 A E:\Webpages\RR\REXX\index.html --> web.tampabay.rr.com /REXX index.html
2006.12.17 14:52 A F:\Webpages\RR\REXX\index.html --> web.tampabay.rr.com /REXX index.html
2006.12.17 14:55 A F:\Webpages\RR\REXX\JSPLIT.txt --> web.tampabay.rr.com /REXX JSPLIT.txt
2007.06.15 15:52 A E:\Webpages\RR\REXX\index.html --> web.tampabay.rr.com /REXX index.html
2007.06.25 14:23 A G:\Webpages\RR\REXX\indexo.html <-- rr /REXX indexo.html
2007.06.25 14:24 A G:\Webpages\RR\REXX\index.html --> web.tampabay.rr.com /REXX index.html
2009.02.14 09:20 A G:\Webpages\RR\REXX\$$jform.txt --> home.roadrunner.com /REXX $$jform.txt
2009.02.14 09:20 A G:\Webpages\RR\REXX\$extep2.txt --> home.roadrunner.com /REXX $extep2.txt
2009.02.14 09:20 A G:\Webpages\RR\REXX\$extiad.txt --> home.roadrunner.com /REXX $extiad.txt
2009.02.14 09:20 A G:\Webpages\RR\REXX\$extiaul.txt --> home.roadrunner.com /REXX $extiaul.txt
2009.02.14 09:20 A G:\Webpages\RR\REXX\@DEIMBED.txt --> home.roadrunner.com /REXX @DEIMBED.txt
2009.02.14 09:20 A G:\Webpages\RR\REXX\@lblid.txt --> home.roadrunner.com /REXX @lblid.txt
2009.02.14 09:20 A G:\Webpages\RR\REXX\@logmsg.txt --> home.roadrunner.com /REXX @logmsg.txt
2009.02.14 09:20 A G:\Webpages\RR\REXX\@newpref.txt --> home.roadrunner.com /REXX @newpref.txt
2009.02.14 09:20 A G:\Webpages\RR\REXX\@popup.txt --> home.roadrunner.com /REXX @popup.txt
2009.02.14 09:20 A G:\Webpages\RR\REXX\@tbdispl.txt --> home.roadrunner.com /REXX @tbdispl.txt
2009.02.14 09:20 A G:\Webpages\RR\REXX\ACQ.txt --> home.roadrunner.com /REXX ACQ.txt
2009.02.14 09:20 A G:\Webpages\RR\REXX\addcmds.txt --> home.roadrunner.com /REXX addcmds.txt
2009.02.14 09:20 A G:\Webpages\RR\REXX\aliasgen.txt --> home.roadrunner.com /REXX aliasgen.txt
2009.02.14 09:20 A G:\Webpages\RR\REXX\alist.txt --> home.roadrunner.com /REXX alist.txt
2009.02.14 09:20 A G:\Webpages\RR\REXX\arrange.txt --> home.roadrunner.com /REXX arrange.txt
2009.02.14 09:20 A G:\Webpages\RR\REXX\attach.txt --> home.roadrunner.com /REXX attach.txt
2009.02.14 09:20 A G:\Webpages\RR\REXX\blktest.pli --> home.roadrunner.com /REXX blktest.pli
2009.02.14 09:20 A G:\Webpages\RR\REXX\blox.txt --> home.roadrunner.com /REXX blox.txt
2009.02.14 09:20 A G:\Webpages\RR\REXX\CL.txt --> home.roadrunner.com /REXX CL.txt
2009.02.14 09:20 A G:\Webpages\RR\REXX\cmdupd.txt --> home.roadrunner.com /REXX cmdupd.txt
2009.02.14 09:20 A G:\Webpages\RR\REXX\cmmemidx.txt --> home.roadrunner.com /REXX cmmemidx.txt
2009.02.14 09:20 A G:\Webpages\RR\REXX\combine.txt --> home.roadrunner.com /REXX combine.txt
2009.02.14 09:20 A G:\Webpages\RR\REXX\commands.txt --> home.roadrunner.com /REXX commands.txt
2009.02.14 09:20 A G:\Webpages\RR\REXX\COMPARM.txt --> home.roadrunner.com /REXX COMPARM.txt
2009.02.14 09:20 A G:\Webpages\RR\REXX\COMPDt.txt --> home.roadrunner.com /REXX COMPDt.txt
2009.02.14 09:20 A G:\Webpages\RR\REXX\compile.txt --> home.roadrunner.com /REXX compile.txt
2009.02.14 09:20 A G:\Webpages\RR\REXX\compstat.txt --> home.roadrunner.com /REXX compstat.txt
2009.02.14 09:20 A G:\Webpages\RR\REXX\cr.txt --> home.roadrunner.com /REXX cr.txt
2009.02.14 09:21 A G:\Webpages\RR\REXX\customiz.html --> home.roadrunner.com /REXX customiz.html
2009.02.14 09:21 A G:\Webpages\RR\REXX\db2space.txt --> home.roadrunner.com /REXX db2space.txt
2009.02.14 09:21 A G:\Webpages\RR\REXX\DC.txt --> home.roadrunner.com /REXX DC.txt
2009.02.14 09:21 A G:\Webpages\RR\REXX\deadcode.txt --> home.roadrunner.com /REXX deadcode.txt
2009.02.14 09:21 A G:\Webpages\RR\REXX\declocn.txt --> home.roadrunner.com /REXX declocn.txt
2009.02.14 09:21 A G:\Webpages\RR\REXX\defurl.txt --> home.roadrunner.com /REXX defurl.txt
2009.02.14 09:21 A G:\Webpages\RR\REXX\deimbed.txt --> home.roadrunner.com /REXX deimbed.txt
2009.02.14 09:21 A G:\Webpages\RR\REXX\dirread.txt --> home.roadrunner.com /REXX dirread.txt
2009.02.14 09:21 A G:\Webpages\RR\REXX\dup.txt --> home.roadrunner.com /REXX dup.txt
2009.02.14 09:21 A G:\Webpages\RR\REXX\editpro.txt --> home.roadrunner.com /REXX editpro.txt
2009.02.14 09:21 A G:\Webpages\RR\REXX\elemlen.txt --> home.roadrunner.com /REXX elemlen.txt
2009.02.14 09:21 A G:\Webpages\RR\REXX\en.txt --> home.roadrunner.com /REXX en.txt
2009.02.14 09:21 A G:\Webpages\RR\REXX\favicon.ico --> home.roadrunner.com /REXX favicon.ico
2009.02.14 09:21 A G:\Webpages\RR\REXX\fccmdupd.txt --> home.roadrunner.com /REXX fccmdupd.txt
2009.02.14 09:21 A G:\Webpages\RR\REXX\fcsupbr.txt --> home.roadrunner.com /REXX fcsupbr.txt
2009.02.14 09:21 A G:\Webpages\RR\REXX\fcsuped.txt --> home.roadrunner.com /REXX fcsuped.txt
2009.02.14 09:21 A G:\Webpages\RR\REXX\fcxref.txt --> home.roadrunner.com /REXX fcxref.txt
2009.02.14 09:21 A G:\Webpages\RR\REXX\firstime.txt --> home.roadrunner.com /REXX firstime.txt
2009.02.14 09:21 A G:\Webpages\RR\REXX\fixstats.txt --> home.roadrunner.com /REXX fixstats.txt
2009.02.14 09:21 A G:\Webpages\RR\REXX\flttbl.txt --> home.roadrunner.com /REXX flttbl.txt
2009.02.14 09:21 A G:\Webpages\RR\REXX\ftinit.txt --> home.roadrunner.com /REXX ftinit.txt
2009.02.14 09:21 A G:\Webpages\RR\REXX\ftperr.txt --> home.roadrunner.com /REXX ftperr.txt
2009.02.14 09:21 A G:\Webpages\RR\REXX\gencard.txt --> home.roadrunner.com /REXX gencard.txt
2009.02.14 09:21 A G:\Webpages\RR\REXX\getgdg.txt --> home.roadrunner.com /REXX getgdg.txt
2009.02.14 09:21 A G:\Webpages\RR\REXX\getname.txt --> home.roadrunner.com /REXX getname.txt
2009.02.14 09:21 A G:\Webpages\RR\REXX\hsmlist.txt --> home.roadrunner.com /REXX hsmlist.txt
2009.02.14 09:21 A G:\Webpages\RR\REXX\HURL.txt --> home.roadrunner.com /REXX HURL.txt
2009.02.14 09:21 A G:\Webpages\RR\REXX\index.html --> home.roadrunner.com /REXX index.html
2009.02.14 09:21 A G:\Webpages\RR\REXX\indexo.html --> home.roadrunner.com /REXX indexo.html
2009.02.14 09:21 A G:\Webpages\RR\REXX\jalign.txt --> home.roadrunner.com /REXX jalign.txt
2009.02.14 09:21 A G:\Webpages\RR\REXX\jobcards.txt --> home.roadrunner.com /REXX jobcards.txt
2009.02.14 09:21 A G:\Webpages\RR\REXX\jobid.txt --> home.roadrunner.com /REXX jobid.txt
2009.02.14 09:21 A G:\Webpages\RR\REXX\jsplit.txt --> home.roadrunner.com /REXX jsplit.txt
2009.02.14 09:21 A G:\Webpages\RR\REXX\kedbase.txt --> home.roadrunner.com /REXX kedbase.txt
2009.02.14 09:21 A G:\Webpages\RR\REXX\la.txt --> home.roadrunner.com /REXX la.txt
2009.02.14 09:21 A G:\Webpages\RR\REXX\lcomm.txt --> home.roadrunner.com /REXX lcomm.txt
2009.02.14 09:21 A G:\Webpages\RR\REXX\ldow.txt --> home.roadrunner.com /REXX ldow.txt
2009.02.14 09:21 A G:\Webpages\RR\REXX\listcsum.txt --> home.roadrunner.com /REXX listcsum.txt
2009.02.14 09:21 A G:\Webpages\RR\REXX\macsclr.txt --> home.roadrunner.com /REXX macsclr.txt
2009.02.14 09:21 A G:\Webpages\RR\REXX\macskel.txt --> home.roadrunner.com /REXX macskel.txt
2009.02.14 09:21 A G:\Webpages\RR\REXX\macslist.txt --> home.roadrunner.com /REXX macslist.txt
2009.02.14 09:21 A G:\Webpages\RR\REXX\MARK.txt --> home.roadrunner.com /REXX MARK.txt
2009.02.14 09:21 A G:\Webpages\RR\REXX\members.txt --> home.roadrunner.com /REXX members.txt
2009.02.14 09:21 A G:\Webpages\RR\REXX\mergejcl.txt --> home.roadrunner.com /REXX mergejcl.txt
2009.02.14 09:21 A G:\Webpages\RR\REXX\mergetbl.txt --> home.roadrunner.com /REXX mergetbl.txt
2009.02.14 09:21 A G:\Webpages\RR\REXX\MTHLIM.txt --> home.roadrunner.com /REXX MTHLIM.txt
2009.02.14 09:21 A G:\Webpages\RR\REXX\neatddl.txt --> home.roadrunner.com /REXX neatddl.txt
2009.02.14 09:21 A G:\Webpages\RR\REXX\new_rexxla.gif --> home.roadrunner.com /REXX new_rexxla.gif
2009.02.14 09:21 A G:\Webpages\RR\REXX\newalias.txt --> home.roadrunner.com /REXX newalias.txt
2009.02.14 09:21 A G:\Webpages\RR\REXX\NMAR.txt --> home.roadrunner.com /REXX NMAR.txt
2009.02.14 09:21 A G:\Webpages\RR\REXX\NOOP.txt --> home.roadrunner.com /REXX NOOP.txt
2009.02.14 09:21 A G:\Webpages\RR\REXX\NORXSKEL.txt --> home.roadrunner.com /REXX NORXSKEL.txt
2009.02.14 09:21 A G:\Webpages\RR\REXX\parsedcl.txt --> home.roadrunner.com /REXX parsedcl.txt
2009.02.14 09:21 A G:\Webpages\RR\REXX\pdscopyd.txt --> home.roadrunner.com /REXX pdscopyd.txt
2009.02.14 09:21 A G:\Webpages\RR\REXX\pgf.txt --> home.roadrunner.com /REXX pgf.txt
2009.02.14 09:21 A G:\Webpages\RR\REXX\pgfs.txt --> home.roadrunner.com /REXX pgfs.txt
2009.02.14 09:21 A G:\Webpages\RR\REXX\pliflow.txt --> home.roadrunner.com /REXX pliflow.txt
2009.02.14 09:21 A G:\Webpages\RR\REXX\plilbls.txt --> home.roadrunner.com /REXX plilbls.txt
2009.02.14 09:21 A G:\Webpages\RR\REXX\plimsgs.txt --> home.roadrunner.com /REXX plimsgs.txt
2009.02.14 09:21 A G:\Webpages\RR\REXX\plipos.txt --> home.roadrunner.com /REXX plipos.txt
2009.02.14 09:21 A G:\Webpages\RR\REXX\pliskip.txt --> home.roadrunner.com /REXX pliskip.txt
2009.02.14 09:21 A G:\Webpages\RR\REXX\plixref.txt --> home.roadrunner.com /REXX plixref.txt
2009.02.14 09:21 A G:\Webpages\RR\REXX\plixrefe.txt --> home.roadrunner.com /REXX plixrefe.txt
2009.02.14 09:21 A G:\Webpages\RR\REXX\plixrefo.txt --> home.roadrunner.com /REXX plixrefo.txt
2009.02.14 09:21 A G:\Webpages\RR\REXX\post.txt --> home.roadrunner.com /REXX post.txt
2009.02.14 09:21 A G:\Webpages\RR\REXX\printme.txt --> home.roadrunner.com /REXX printme.txt
2009.02.14 09:21 A G:\Webpages\RR\REXX\profvars.txt --> home.roadrunner.com /REXX profvars.txt
2009.02.14 09:22 A G:\Webpages\RR\REXX\pullsar.txt --> home.roadrunner.com /REXX pullsar.txt
2009.02.14 09:22 A G:\Webpages\RR\REXX\qio.txt --> home.roadrunner.com /REXX qio.txt
2009.02.14 09:22 A G:\Webpages\RR\REXX\realias.txt --> home.roadrunner.com /REXX realias.txt
2009.02.14 09:22 A G:\Webpages\RR\REXX\repgen.txt --> home.roadrunner.com /REXX repgen.txt
2009.02.14 09:22 A G:\Webpages\RR\REXX\rexxla.ico --> home.roadrunner.com /REXX rexxla.ico
2009.02.14 09:22 A G:\Webpages\RR\REXX\rexxla.png --> home.roadrunner.com /REXX rexxla.png
2009.02.14 09:22 A G:\Webpages\RR\REXX\rexxskel.html --> home.roadrunner.com /REXX rexxskel.html
2009.02.14 09:22 A G:\Webpages\RR\REXX\rexxskel.txt --> home.roadrunner.com /REXX rexxskel.txt
2009.02.14 09:22 A G:\Webpages\RR\REXX\rsttbl.txt --> home.roadrunner.com /REXX rsttbl.txt
2009.02.14 09:22 A G:\Webpages\RR\REXX\rundata.txt --> home.roadrunner.com /REXX rundata.txt
2009.02.14 09:22 A G:\Webpages\RR\REXX\runexec.txt --> home.roadrunner.com /REXX runexec.txt
2009.02.14 09:22 A G:\Webpages\RR\REXX\SCHED.txt --> home.roadrunner.com /REXX SCHED.txt
2009.02.14 09:22 A G:\Webpages\RR\REXX\SCHINIT.txt --> home.roadrunner.com /REXX SCHINIT.txt
2009.02.14 09:22 A G:\Webpages\RR\REXX\SCRAM.txt --> home.roadrunner.com /REXX SCRAM.txt
2009.02.14 09:22 A G:\Webpages\RR\REXX\segment.txt --> home.roadrunner.com /REXX segment.txt
2009.02.14 09:22 A G:\Webpages\RR\REXX\seize.txt --> home.roadrunner.com /REXX seize.txt
2009.02.14 09:22 A G:\Webpages\RR\REXX\selmatch.txt --> home.roadrunner.com /REXX selmatch.txt
2009.02.14 09:22 A G:\Webpages\RR\REXX\setrefs.txt --> home.roadrunner.com /REXX setrefs.txt
2009.02.14 09:22 A G:\Webpages\RR\REXX\shortpg.txt --> home.roadrunner.com /REXX shortpg.txt
2009.02.14 09:22 A G:\Webpages\RR\REXX\shortrx.txt --> home.roadrunner.com /REXX shortrx.txt
2009.02.14 09:22 A G:\Webpages\RR\REXX\showflow.txt --> home.roadrunner.com /REXX showflow.txt
2009.02.14 09:22 A G:\Webpages\RR\REXX\showmem.txt --> home.roadrunner.com /REXX showmem.txt
2009.02.14 09:22 A G:\Webpages\RR\REXX\SKELH.txt --> home.roadrunner.com /REXX SKELH.txt
2009.02.14 09:22 A G:\Webpages\RR\REXX\skelt.txt --> home.roadrunner.com /REXX skelt.txt
2009.02.14 09:22 A G:\Webpages\RR\REXX\sortcmds.txt --> home.roadrunner.com /REXX sortcmds.txt
2009.02.14 09:22 A G:\Webpages\RR\REXX\spacerpt.txt --> home.roadrunner.com /REXX spacerpt.txt
2009.02.14 09:22 A G:\Webpages\RR\REXX\sqrt.txt --> home.roadrunner.com /REXX sqrt.txt
2009.02.14 09:22 A G:\Webpages\RR\REXX\squash.txt --> home.roadrunner.com /REXX squash.txt
2009.02.14 09:22 A G:\Webpages\RR\REXX\stakedit.txt --> home.roadrunner.com /REXX stakedit.txt
2009.02.14 09:22 A G:\Webpages\RR\REXX\strchart.txt --> home.roadrunner.com /REXX strchart.txt
2009.02.14 09:22 A G:\Webpages\RR\REXX\strchrt.txt --> home.roadrunner.com /REXX strchrt.txt
2009.02.14 09:22 A G:\Webpages\RR\REXX\strsort.txt --> home.roadrunner.com /REXX strsort.txt
2009.02.14 09:22 A G:\Webpages\RR\REXX\struct.txt --> home.roadrunner.com /REXX struct.txt
2009.02.14 09:22 A G:\Webpages\RR\REXX\sysvars.txt --> home.roadrunner.com /REXX sysvars.txt
2009.02.14 09:22 A G:\Webpages\RR\REXX\t-rex.gif --> home.roadrunner.com /REXX t-rex.gif
2009.02.14 09:22 A G:\Webpages\RR\REXX\tbcopy.txt --> home.roadrunner.com /REXX tbcopy.txt
2009.02.14 09:22 A G:\Webpages\RR\REXX\tblenq.txt --> home.roadrunner.com /REXX tblenq.txt
2009.02.14 09:22 A G:\Webpages\RR\REXX\tblgen.txt --> home.roadrunner.com /REXX tblgen.txt
2009.02.14 09:22 A G:\Webpages\RR\REXX\tblook.txt --> home.roadrunner.com /REXX tblook.txt
2009.02.14 09:22 A G:\Webpages\RR\REXX\tblsort.txt --> home.roadrunner.com /REXX tblsort.txt
2009.02.14 09:22 A G:\Webpages\RR\REXX\tbstats.txt --> home.roadrunner.com /REXX tbstats.txt
2009.02.14 09:22 A G:\Webpages\RR\REXX\trapout.txt --> home.roadrunner.com /REXX trapout.txt
2009.02.14 09:22 A G:\Webpages\RR\REXX\trimpli.txt --> home.roadrunner.com /REXX trimpli.txt
2009.02.14 09:22 A G:\Webpages\RR\REXX\updstat.txt --> home.roadrunner.com /REXX updstat.txt
2009.02.14 09:22 A G:\Webpages\RR\REXX\upoe@#st.txt --> home.roadrunner.com /REXX upoe@#st.txt
2009.02.14 09:22 A G:\Webpages\RR\REXX\vcx.txt --> home.roadrunner.com /REXX vcx.txt
2009.02.14 09:22 A G:\Webpages\RR\REXX\wb.txt --> home.roadrunner.com /REXX wb.txt
2009.02.14 09:22 A G:\Webpages\RR\REXX\WBNAME.txt --> home.roadrunner.com /REXX WBNAME.txt
2009.02.14 09:22 A G:\Webpages\RR\REXX\WS_FTP.LOG --> home.roadrunner.com /REXX WS_FTP.LOG
2009.03.19 20:21 B H:\Webpages\RR\REXX\index.html --> home.roadrunner.com /public_html/REXX index.html
2009.03.19 20:22 A H:\Webpages\RR\REXX\index.html --> home.roadrunner.com /public_html/REXX index.html
2009.08.16 10:48 A F:\Webpages\RR\REXX\tblmstr.txt --> home.roadrunner.com /public_html/REXX tblmstr.txt
2009.08.16 10:56 A F:\Webpages\RR\REXX\selmatch.txt --> home.roadrunner.com /public_html/REXX selmatch.txt
2009.08.16 11:00 A F:\Webpages\RR\REXX\realias.txt --> home.roadrunner.com /public_html/REXX realias.txt
2011.12.13 15:02 A D:\Webpages\RR\REXX\index.html <-- rr /public_html/REXX index.html
2011.12.13 15:32 A D:\Webpages\RR\REXX\index.html --> home.roadrunner.com /public_html/REXX index.html
2011.12.13 15:34 A D:\Webpages\RR\REXX\index.html --> home.roadrunner.com /public_html/REXX index.html
2011.12.13 15:35 A D:\Webpages\RR\REXX\index.html --> home.roadrunner.com /public_html/REXX index.html
2011.12.13 15:36 B D:\Webpages\RR\REXX\Overconfidence.jpg <-- rr /public_html/REXX Overconfidence.jpg
2014.01.20 13:46 A H:\Webpages\RR\REXX\index.html --> home.roadrunner.com /public_html/REXX index.html
