
 unsigned char MsgcUniques[]={32,34,37,39,40,41,42,44,45,46,47,48,49,50,51,53,
57,58,59,60,62,65,67,69,70,72,73,76,78,79,82,83,84,88,93,97,98,99,100,101,102,
103,104,105,107,108,109,110,111,112,113,114,115,116,117,118,119,120,121,122,123
};
#define MsgcMarksLo 61
#define MsgcFragsLo 64
unsigned char MsgcPacked[]={61,62,39,51,51,245,0,19,236,228,51,54,47,47
,253,41,0,19,52,48,54,51,197,20,7,0,45,253,255,19,45,253,248,54,46,36,249
,20,17,0,62,249,51,230,126,253,0,253,53,249,35,37,241,55,255,53,51,35,37
,39,17,62,135,35,37,145,53,51,35,197,9,0,0,1,32,51,35,37,39,0,29,40,40,1
,0,53,48,0,39,47,38,0,38,39,36,54,41,9,0,0,23,28,32,23,30,0,53,48,0,37,48
,47,53,43,47,54,39,9,61,61,179,38,54,51,232,0,40,253,251,43,59,35,241,250
,62,118,40,253,93,17,0,19,38,39,52,37,51,43,49,241,250,20,61,118,253,43
,53,43,93,62,118,253,43,241,93,129,49,51,48,41,51,35,46,0,135,51,54,49,53
,39,38,62,209,0,135,51,54,49,53,39,254,56,43,234,0,63,157,0,37,250,38,43
,241,250,129,52,58,52,53,39,46,0,51,39,52,121,52,0,39,57,42,35,54,52,53
,158,92,0,242,52,121,235,239,42,177,53,39,38,129,246,46,222,37,42,237,1
,10,6,1,0,230,50,54,48,53,39,62,243,37,48,46,46,248,53,0,38,39,45,43,46
,43,53,249,0,4,1,10,6,1,5,62,243,52,232,45,255,148,255,4,3,5,62,243,38,48
,54,36,45,255,148,255,4,1,5,61,63,102,215,63,97,0,239,49,39,37,53,158,63
,86,0,200,221,228,242,50,54,43,242,235,63,102,240,229,238,76,151,235,63
,102,184,63,97,7,215,63,25,213,35,45,45,0,63,102,0,239,49,242,52,52,43,250
,235,48,40,0,76,35,51,255,40,251,52,39,18,0,63,97,0,202,39,38,61,246,198
,63,94,215,63,22,62,63,94,0,42,35,235,225,0,37,245,242,52,49,250,38,232
,0,63,30,215,63,102,0,37,45,177,39,62,63,22,166,63,94,110,136,63,102,215
,63,97,62,63,102,166,63,86,62,63,97,166,63,86,136,230,243,63,25,62,63,25
,166,63,17,215,63,86,62,63,25,0,37,245,242,52,49,250,38,232,0,190,63,17
,0,250,0,221,20,0,46,54,52,252,42,35,55,255,35,0,52,58,46,36,48,45,181,232
,0,53,42,35,252,46,35,53,37,42,39,235,234,255,37,250,53,51,48,45,0,55,35
,51,43,35,36,45,255,4,230,47,48,0,196,5,213,63,25,81,187,200,221,20,233
,206,132,226,196,168,43,252,36,39,37,177,255,234,249,255,43,235,225,0,37
,250,108,55,35,51,43,35,36,45,39,213,63,25,81,63,86,0,200,221,20,175,132
,226,196,244,45,45,48,56,232,213,63,25,175,43,46,46,39,38,43,222,39,45,58
,181,0,63,94,62,63,25,175,43,46,46,39,38,43,222,39,45,58,181,0,63,22,61
,61,61,204,174,35,37,53,249,0,223,209,62,204,162,142,209,0,1,19,37,42,35
,51,20,1,0,4,3,19,42,239,8,248,37,48,38,232,20,3,33,5,61,253,37,48,46,49
,140,53,255,63,17,10,63,86,10,63,30,62,187,253,52,53,51,54,37,241,250,0
,151,235,35,127,232,0,63,25,62,63,86,0,116,154,100,63,25,62,63,94,0,154
,168,253,52,53,51,54,37,241,250,62,63,22,0,154,168,133,171,42,239,35,38
,39,37,43,46,251,215,36,253,35,51,58,0,156,147,45,48,37,35,241,250,0,231
,36,45,207,44,142,49,48,52,43,241,250,0,19,49,48,52,43,241,250,20,0,223
,90,183,156,147,45,48,37,180,231,112,142,128,19,83,228,223,114,62,250,45
,58,0,11,8,16,184,35,8,40,184,21,8,24,184,35,47,254,112,0,35,51,255,55,251
,43,254,223,226,176,18,244,246,254,1,19,174,247,62,143,11,184,12,184,207
,254,112,0,35,51,255,216,223,226,114,240,174,247,61,45,35,36,39,45,0,225
,252,40,48,246,38,62,189,0,153,247,0,206,88,37,207,206,63,90,0,190,74,91
,43,252,195,253,52,43,38,255,207,0,63,30,184,63,86,215,187,41,51,48,54,49
,62,201,253,55,48,44,255,74,91,43,252,195,253,52,43,38,255,155,63,30,184
,63,86,215,187,41,51,48,54,49,136,63,64,62,63,64,0,195,216,143,56,42,248
,0,43,252,195,214,40,43,51,52,252,116,239,39,37,54,53,237,35,40,53,249,0
,155,135,47,251,0,63,14,215,40,246,37,241,250,0,253,55,48,37,35,241,250
,61,63,94,0,202,158,63,30,0,44,39,58,56,245,254,200,221,228,242,50,54,43
,242,52,100,63,94,110,213,63,102,0,227,254,200,221,228,122,100,63,94,110
,240,229,247,61,52,53,51,232,0,230,196,0,202,158,164,230,196,0,198,149,63
,7,0,227,38,213,107,63,14,141,107,63,230,141,107,63,90,141,62,107,63,57
,141,196,0,202,237,223,49,35,51,52,232,0,49,222,53,249,47,130,203,255,202
,158,146,151,38,213,40,48,246,254,1,19,53,48,44,248,247,0,56,42,249,255
,143,226,146,195,55,251,43,38,171,38,222,226,200,248,254,231,37,45,177,39
,62,214,37,45,177,255,248,38,237,170,155,246,198,229,130,253,216,162,0,52
,53,51,232,147,162,0,164,120,171,99,156,147,99,164,120,171,63,57,0,242,50
,54,39,52,53,62,63,57,0,242,50,54,39,52,252,140,53,53,249,233,36,255,250
,255,231,1,21,22,23,24,26,27,28,29,30,1,240,236,247,61,204,52,54,36,8,227
,254,88,63,14,0,63,210,188,20,213,63,14,0,63,208,186,63,90,0,63,210,186
,63,90,0,63,208,186,63,7,0,63,227,186,63,216,186,63,219,186,63,163,186,63
,167,186,62,63,48,0,63,198,186,63,61,186,63,105,186,63,160,186,63,48,186
,63,183,193,250,255,231,214,227,38,235,19,227,38,52,228,230,225,234,232
,213,63,64,224,40,48,45,45,48,56,192,214,227,254,63,223,215,225,234,232
,130,204,56,42,48,45,255,210,62,169,52,233,40,43,252,205,223,37,54,51,51
,248,252,63,194,0,52,39,53,53,232,4,19,236,20,5,217,185,242,49,39,241,241
,250,0,37,48,246,252,160,223,187,133,224,109,226,49,48,52,43,145,169,152
,63,2,0,87,72,169,217,83,183,167,0,231,96,53,39,46,49,45,222,255,46,54,52
,252,36,255,226,125,63,48,0,63,194,0,55,251,54,255,131,226,49,48,52,43,145
,125,63,48,0,63,201,0,139,131,72,125,47,54,46,36,249,0,54,52,237,223,63
,57,0,52,39,53,53,232,224,226,125,48,49,249,207,254,190,51,43,41,42,252
,231,214,49,48,56,249,0,191,222,230,4,1,6,6,1,5,165,125,62,62,242,52,54
,45,252,231,126,2,0,126,191,180,56,48,54,45,254,47,39,237,239,49,250,248
,241,183,225,53,180,170,106,137,159,62,80,2,0,191,180,54,52,237,40,48,51
,0,126,10,10,0,126,191,180,56,70,47,39,237,239,49,250,248,241,183,225,53
,180,170,106,137,159,171,187,52,58,47,53,35,57,147,54,52,255,231,227,254
,1,19,229,247,0,223,63,17,110,171,63,42,215,63,38,62,63,42,220,205,223,226
,199,145,187,45,48,48,49,62,63,38,220,205,223,226,199,145,86,62,196,168
,63,42,0,4,1,19,229,247,5,233,39,43,234,249,0,46,222,37,42,157,45,255,231
,226,106,86,215,36,255,48,46,43,53,53,158,196,168,63,38,69,233,39,43,234
,249,127,157,45,113,106,86,215,36,255,48,46,43,53,53,39,38,61,248,55,43
,51,250,46,248,252,146,53,48,48,0,45,250,41,62,248,55,43,51,250,46,248,252
,146,239,197,39,38,235,12,11,0,162,52,240,203,39,247,61,146,230,164,117
,0,45,250,41,62,146,105,13,15,73,62,45,43,53,249,183,164,105,13,15,73,61
,146,52,53,35,51,53,235,205,0,210,215,1,9,1,62,226,139,201,36,255,35,52
,52,43,41,47,237,190,226,210,213,150,196,175,52,53,35,51,252,205,0,226,210
,213,150,196,175,85,226,1,9,1,130,171,239,49,242,52,52,43,200,242,52,54
,45,53,62,55,251,54,255,231,63,48,0,63,194,0,4,194,247,5,233,239,197,237
,185,63,48,0,63,201,0,1,4,159,5,1,62,185,63,48,0,63,194,144,175,239,197
,237,16,16,16,62,80,161,168,63,48,0,63,198,233,85,1,23,1,215,1,31,1,119
,45,48,41,43,37,183,139,206,1,11,1,215,1,12,1,62,185,161,168,63,30,0,227
,254,131,134,152,161,168,63,102,71,63,191,71,63,187,0,227,254,131,239,35
,37,53,45,58,0,138,152,160,190,140,40,252,231,172,101,1,19,191,222,245,247
,224,134,152,160,190,208,172,101,104,247,224,134,119,204,161,147,160,103
,1,19,229,247,61,243,1,4,1,142,161,136,1,7,1,215,1,5,1,62,246,198,1,7,1
,62,243,1,5,1,142,161,171,219,230,167,147,96,219,75,238,204,96,128,75,238
,63,61,0,63,129,0,116,151,235,63,227,0,227,38,61,61,253,37,48,51,242,37
,252,37,251,45,0,190,51,48,54,53,253,39,62,239,53,249,47,183,51,48,54,53
,253,255,1,19,203,39,247,0,40,35,43,45,158,62,206,248,48,54,41,42,0,35,51
,41,54,46,248,53,235,223,253,55,48,37,180,231,19,36,43,40,20,18,0,46,253
,43,46,54,46,0,198,195,19,35,51,41,210,20,62,117,0,46,207,58,0,218,248,53
,235,182,18,0,46,35,57,43,46,54,46,0,198,195,163,62,46,43,52,52,232,0,218
,248,252,182,18,0,212,19,35,51,41,210,228,195,151,38,62,62,62,62,19,36,43
,40,228,212,82,239,49,250,248,252,105,16,0,38,43,41,43,53,52,240,236,238
,62,211,212,163,165,210,217,211,212,163,165,169,173,163,224,59,249,48,215
,49,48,52,43,241,55,39,173,163,224,49,48,52,43,241,55,39,217,62,62,211,212
,12,233,132,155,253,53,39,41,249,0,49,35,51,252,223,214,51,207,41,255,11
,17,16,11,0,207,254,226,38,39,37,43,46,183,49,35,51,252,225,0,45,35,51,41
,249,0,234,155,9,16,217,211,37,250,55,249,52,43,250,233,132,226,58,39,35
,51,142,214,51,207,41,255,11,11,11,12,0,190,16,16,16,16,62,211,212,13,184
,1,19,236,247,184,195,206,223,214,40,48,51,46,170,38,39,52,37,51,43,36,237
,36,58,0,212,14,184,194,238,102,175,36,255,47,54,45,45,62,102,165,52,232
,45,255,162,173,12,165,114,97,176,97,216,196,97,216,52,53,242,35,46,0,47
,35,46,39,173,163,184,48,49,241,250,233,85,250,255,231,1,19,95,52,45,43
,52,53,247,217,211,37,250,78,200,53,48,0,40,48,51,46,170,194,247,0,195,206
,251,45,48,56,158,115,67,12,178,178,11,62,211,214,38,43,40,40,249,248,37
,255,36,39,53,56,39,248,0,212,12,144,0,207,254,212,13,67,12,178,178,11,115
,144,224,140,52,235,234,207,215,39,50,54,183,190,212,13,144,115,144,224
,140,52,235,234,207,215,39,50,54,183,190,214,210,0,231,45,253,39,235,223
,214,209,0,4,19,52,121,45,253,39,4,5,20,5,115,0,37,207,206,36,255,239,49
,242,52,52,237,35,235,226,169,173,12,224,214,203,113,150,223,214,49,48,48
,45,173,14,224,214,203,113,49,48,48,45,173,82,195,206,45,35,51,41,255,248
,48,54,41,42,0,53,48,244,51,46,170,194,238,211,212,14,0,195,206,109,250
,39,217,102,224,205,223,214,36,48,246,38,235,231,214,66,173,12,18,0,37,207
,206,128,200,234,195,66,119,36,35,254,35,51,43,234,46,39,241,37,0,37,250
,78,250,62,47,250,8,47,54,46,249,43,37,0,139,4,194,247,5,0,190,140,40,252
,231,35,51,43,234,46,39,241,37,0,191,180,104,238,89,0,190,208,123,191,180
,104,238,89,0,54,52,237,205,0,49,242,40,43,57,0,101,104,238,185,63,5,0,87
,47,54,46,249,43,37,152,63,0,0,87,77,152,37,250,108,150,160,231,187,133
,224,77,217,98,105,111,119,123,48,55,249,40,45,48,56,10,246,38,249,40,45
,48,56,62,65,0,38,39,53,39,37,53,237,170,194,228,19,191,35,241,250,228,19
,55,251,54,39,247,18,0,98,231,242,52,54,45,252,122,0,46,245,255,234,155
,111,62,123,246,38,249,40,45,48,56,0,103,194,228,19,191,35,241,250,228,19
,236,247,18,0,98,231,79,122,0,46,245,255,234,155,111,62,65,18,0,38,43,55
,43,52,245,175,36,255,59,249,48,61,94,206,88,37,70,206,40,253,254,94,153
,247,61,124,38,43,254,206,242,53,54,51,47,0,38,222,35,62,225,0,38,222,226
,64,237,40,51,48,46,0,124,153,247,61,225,0,38,222,226,52,49,39,37,43,40
,43,237,200,124,63,79,62,99,198,200,63,79,0,116,91,94,153,247,0,56,35,235
,37,251,45,237,35,235,226,40,246,37,241,250,171,150,242,40,249,248,197,62
,239,53,51,226,229,69,244,246,254,223,84,197,18,0,1,5,1,0,202,39,38,136
,189,62,63,32,0,38,222,35,175,37,250,53,35,223,189,52,68,40,35,43,45,54
,51,255,223,92,0,52,249,55,43,197,62,179,223,92,0,52,249,55,43,197,129,135
,49,242,53,180,23,51,51,245,62,135,49,242,53,180,23,51,51,245,129,246,242
,37,48,41,47,43,59,237,242,52,249,55,237,196,62,246,242,37,48,41,47,43,59
,237,242,52,249,55,237,196,0,1,19,229,247,61,204,124,203,39,62,246,148,237
,124,203,39,52,175,248,254,205,0,226,49,249,43,48,38,130,79,64,192,153,247
,0,195,45,250,41,249,0,234,155,15,178,178,0,162,52,171,95,62,84,37,255,198
,149,63,179,141,84,37,255,198,149,63,176,141,212,190,63,176,233,132,250
,255,49,249,43,48,38,184,35,235,43,53,235,45,35,52,252,162,68,204,63,176
,0,236,62,40,48,51,0,234,195,54,52,255,231,63,176,184,214,185,153,247,165
,37,48,246,252,231,45,253,39,52,18,244,246,38,17,0,194,247,61,60,19,229
,20,34,62,63,17,31,0,15,16,25,0,52,35,58,235,120,62,117,0,46,207,58,0,40
,43,45,39,52,62,52,53,35,37,44,0,52,39,41,46,248,53,62,46,39,46,245,58};
#define MsgcUnits 3249
unsigned short MsgcIndex[]={-19645,-21690,-27357,29891,27715,26181,24306
,30662,22229,27650,14003,31618,5076,-22140,-28798,-20973,24100,7353,-30908
,12404,-18493,28757,25859,22147,13923,-23155,11782,8771,3284,2052,-32524
,-27150,17428,-27535,-30589,18145,11201,23889,-30318,-21386,31251,27555
,21636,16884,8195,-30078,6595,-30490,12194,26481,11941,-29710,11015,27281
,1924,19538,10491,306,16276,-22825,15780,22448,113,26371,12277,2236,16658
,22692,7714,11526,30982,753,6097,22820,30453,22914,9104,17010,10176,12834
,29443,833,17616,10224,4018,15571,8278,5171,21936,-32430,11153,14384,18626
,8952,2865,21873,29077,5669,10099,-31628,16723,23552,6285,17523,7905,21396
,7984,10064,30324,-30223,10354,8640,12545,3537,-28512,-17755,12114,9363
,-31990,15696,384,29283,19809,7521,20778,13795,1361,23601,-27934,21094,-28271
,8896,7812,928,17376,21970,7568,14113,4979,-27263,18560,3057,13888,13088
,23700,2661,23267,-30701,-31023,5297,8128,3984,13218,-30367,-32125,22581
,15186,425,8032,720,19265,8432,7776,16131,12496,17842,80,5793,224,7635,7952
,3456,-21118,3024,13440,3488,13332,2496,3392,3828,-26735,32656,176,10416
,1408,32,1760,5552,4208,1808,1440,1248};

