
PACK For personal use of those I give it to - BLM Feb 96
PruneMax 3, StackMax 1
PACK Input read.
StateAcceptCt 30 from 143 shift states from 295 states
TokenAcceptCt 22 from 29 non-purekey from 70 token groups.
Multiple to 132 from 36
Multiple to 164 from 78
Multiple to 164 from 81
Multiple to 132 from 196
Multiple to 72 from 226
Multiple to 72 from 250
Wg[1] 1000 1006 2
Wg[1] 1000 1006 2
0 UseArrays
Atom 1 aimed at 134
Atom 2 aimed at 116
Atom 3 aimed at 154
Atom 4 aimed at 138
Atom 5 aimed at 120
Atom 8 aimed at 157
Atom 11 aimed at 67
Atom 13 aimed at 132
Atom 15 aimed at 168
Atom 17 aimed at 169
Atom 19 aimed at 170
Atom 20 aimed at 84
Atom 22 aimed at 85
Atom 24 aimed at 3
Atom 29 aimed at 5
Atom 30 aimed at 260
Atom 32 aimed at 7
Atom 33 aimed at 101
Atom 34 aimed at 8
Atom 35 aimed at 9
Atom 37 aimed at 181
Atom 39 aimed at 12
Atom 40 aimed at 9
Atom 41 aimed at 164
Atom 42 aimed at 83
Atom 43 aimed at 102
Atom 44 aimed at 13
Atom 45 aimed at 219
Atom 46 aimed at 14
Atom 47 aimed at 15
Atom 48 aimed at 104
Atom 49 aimed at 190
Atom 51 aimed at 16
Atom 53 aimed at 17
Atom 54 aimed at 77
Atom 57 aimed at 220
Atom 58 aimed at 19
Atom 59 aimed at 20
Atom 61 aimed at 262
Atom 62 aimed at 22
Atom 63 aimed at 23
Atom 64 aimed at 263
Atom 65 aimed at 264
Atom 66 aimed at 25
Atom 67 aimed at 105
Atom 68 aimed at 107
ArraySh 3

ArraySh 4

Array is 21 by 18
eg      0|  8|  2| 54|137|214|215| 45|  5| 34|127|  7| 15|  9| 38|121|241|263|
(  1)  29  29  68  29  29  29  29  68  72 125 125  72 100  95 135 197 283 290  
(  6)   2   2   2   2   2   2   2   2 115 121 121     121  94                  
( 25)  27  27  27  27  27  27  27  27  72 124 124  72 199                      
( 27)  28  28  28  28  28  28  28  28  72 124 124  72                          
(  9)   3   3   3   3   3   3   3   3 118 122 122                              
(  0)   1   0 240   0 205 254 257     113          78                          
( 12)   4   0   0                   4   0   0   0       0   0                  
( 18)  24  24 106  24  24  24  24 147  71                                      
( 10) 140 140 143 210             143     123   0                              
( 16)  11   0 241  11 206 255 258                                              
( 31)   6   6 104   6   6   6   6                                              
( 36)  10  10 151  10  10  10  10                                              
( 56)  18  18 243  18  18  18  18                                              
( 60)  21  21 104  21  21  21  21                                              
( 69)  26  26 186  26  26  26  26                                              
(  7) 139 159   0 237 251         142                                          
( 14) 132                                 122 122                              
( 23) 163     161                 182                                          
( 38) 164 218                                                                  
( 50) 226 250                                                                  
( 52) 261 268                                                                  
Used 161, Spare 217
29 70
1 Array  0 
2 Array  1 
3 Array  2 
4 Array  3 
5 Array  4 
6 Array  5 
7 Array  6 
8 Array  7 
9 Array  8 
10 Array  9 
11 Array  10 
12 Array  11 
13 Array  12 
14 Array  13 
15 Array  14 
16 Array  15 
17 Array  16 
18 Array  17 
19 Array  18 
20 Array  19 
21 Array  20 
22 Array  21 
23 Array  22 
24 Array  23 
25 Array  24 
26 Array  25 
27 Array  26 
28 Array  27 
29 Array  28 
30 Array  29 
31 Direct 0 
32 Direct 1 
33 Direct 2 
34 Direct 3 
35 Direct 5 
36 Direct 6 
37 Direct 7 
38 Direct 8 
39 Direct 9 
40 Direct 10 
41 Direct 11 
42 Direct 12 
43 Direct 15 
44 Direct 16 
45 Direct 17 
46 Direct 18 
47 Direct 19 
48 Direct 21 
49 Direct 23 
50 Direct 28 
51 Direct 31 
***** Part A completed.
Refound 160:23.80
160 now special {23:80}
270 now special {161:224}
269 now special {161:223}
229 now special {86:174}
228 now special {86:173}
510 Unsorted Gaps
223 Sections of Gaps
510 Unsorted Gaps
223 Sections of Gaps
0(3)REK14S
1(1)DS
2(2)RES
3(2)RES
4(1)d<0:30><22:30><39:30><41:30><48:30><66:30><150:30><153:30><189:30>
<245:30>
5(1+4)REK259Sd<0:16><31:16><54:16><137:16><214:16><215:16><286:16>
6(1+1)d<0:34><31:34><54:34><137:34><214:34><215:34><286:34>
7(3)REK416S
8(4)REK366Sd<0:41><31:41><54:41><137:41><214:41><215:41><286:41>
9(2)RES
10(1)E
11(1)E
12(3)RESds5<0:16><31:16><54:16><137:16><214:16><215:16><286:16>
13(2)RES
14(2)RES
15(1+3)ESd<0:52><31:52><54:52><137:52><214:52><215:52><286:52>
16(1+1)d<0:35><31:35><54:35><137:35><214:35><215:35><286:35>
17(3)EK389DS
18(1)E
19(3)REK211DS
20(1+1)d<0:57><31:57><54:57><137:57><214:57><215:57><286:57>
21(1+1)ds6<0:34><31:34><54:34><137:34><214:34><215:34><286:34>
22(2)REDS
23(3)REK409S
24(1)E
25(4)REK259Sds5<0:16><31:16><54:16><137:16><214:16><215:16><286:16>
26(1)E
27(1)d<0:28><2:28><3:28><8:28><12:28><13:28><14:28><31:28><45:28>
<54:28><71:28><73:28><79:28><91:28><92:28><101:28><110:28><116:28><119:28>
<120:28><133:28><134:28><137:28><141:28><146:28><155:28><157:28><168:28><169:28>
<170:28><186:28><210:28><214:28><215:28><286:28>
28(2)DSd<0:65><2:65><3:65><8:65><12:65><13:65><14:65><31:65><45:65>
<54:65><71:65><73:65><79:65><91:65><92:65><101:65><110:65><116:65><119:65>
<120:65><133:65><134:65><137:65><141:65><146:65><155:65><157:65><168:65><169:65>
<170:65><186:65><210:65><214:65><215:65><286:65>
29(2)DSds27<0:28><8:28><31:28><54:28><137:28><214:28><215:28><286:28>
30(2)DS{0:54}{22:112}{39:136}{41:137}{48:148}{66:158}{150:214}{153:215}{189:248}
{245:286}
31(3)RK14S{0:51}{54:156}{137:208}{286:294}
32(4)DSdf<0:37><2:37><8:37><12:37><13:37><14:37><31:37><45:37><54:37>
<71:37><73:37><79:37><91:37><92:37><101:37><110:37><116:37><120:37><137:37>
<141:37><146:37><168:37><169:37><170:37><186:37><210:37><214:37><215:37><286:37>
33(1+6)DS{2:69}<45:144><79:144><146:144><210:144><0:42><8:42><12:42><13:42>
<14:42><31:42><54:42><71:42><73:42><91:42><92:42><101:42><110:42><116:42>
<137:42><168:42><169:42><170:42><186:42><214:42><215:42><286:42>
34(3)RESds5<0:16><31:16><54:16><137:16><214:16><215:16><286:16>
35(1+1)d<0:66><31:66><54:66><137:66><214:66><215:66><286:66>
36(4)Sdf<0:33><2:33><8:33><12:33><13:33><14:33><31:33><45:33><54:33>
<71:33><73:33><79:33><91:33><92:33><101:33><110:33><116:33><137:33><146:33>
<168:33><169:33><170:33><186:33><210:33><214:33><215:33><286:33>
37(4)DSdf<0:36><2:36><8:36><12:36><13:36><14:36><31:36><45:36><54:36>
<71:36><73:36><79:36><91:36><92:36><101:36><110:36><116:36><137:36><141:36>
<146:36><168:36><169:36><170:36><186:36><210:36><214:36><215:36><286:36>
38(1+2)DSd<0:39><31:39><54:39><137:39><214:39><215:39><286:39>
39(2)REDS
40(1)ds8<0:41><31:41><54:41><137:41><214:41><215:41><286:41>
41(2)REDS
42(6)S{8:93}{13:99}{71:160}{73:162}{91:176}{92:177}{101:180}{110:184}{116:194}
{168:227}{169:228}{170:229}{186:239}<12:80><14:80><0:43><31:43><54:43><137:43>
<214:43><215:43><286:43>
43(1+1)ds16<0:35><31:35><54:35><137:35><214:35><215:35><286:35>
44(1)ds28<0:65><2:65><3:65><8:65><12:65><13:65><14:65><31:65><45:65>
<54:65><71:65><73:65><79:65><91:65><92:65><101:65><110:65><116:65><119:65>
<120:65><133:65><134:65><137:65><141:65><146:65><155:65><157:65><168:65><169:65>
<170:65><186:65><210:65><214:65><215:65><286:65>
45(2)RES
46(3){31:117}{214:256}{215:259}<0:50><54:50><137:50><286:50>
47(1)d<0:46><31:46><54:46><137:46><214:46><215:46><286:46>
48(3)REK478S
49(1+3)K472DSd<0:47><31:47><54:47><137:47><214:47><215:47><286:47>
50(1)d<0:31><54:31><137:31><286:31>
51(3)K467DSd<0:58>
52(1)ds5<0:16><31:16><54:16><137:16><214:16><215:16><286:16>
53(4)DSdf<0:32><2:32><8:32><12:32><13:32><14:32><31:32><45:32><54:32>
<71:32><73:32><79:32><91:32><92:32><101:32><110:32><116:32><120:32><133:32>
<137:32><141:32><146:32><168:32><169:32><170:32><186:32><210:32><214:32><215:32>
<286:32>
54(4)REK14Sd<0:58>
55(4)DSdf<0:53><2:53><8:53><12:53><13:53><14:53><31:53><45:53><54:53>
<71:53><73:53><79:53><91:53><92:53><101:53><110:53><116:53><120:53><133:53>
<134:53><137:53><141:53><146:53><168:53><169:53><170:53><186:53><210:53><214:53>
<215:53><286:53>
56(3)df<0:55><2:55><8:55><12:55><13:55><14:55><31:55><45:55><54:55>
<71:55><73:55><79:55><91:55><92:55><101:55><110:55><116:55><119:55><120:55>
<133:55><134:55><137:55><141:55><146:55><168:55><169:55><170:55><186:55><210:55>
<214:55><215:55><286:55>
57(4)EK447DSds5<0:16><31:16><54:16><137:16><214:16><215:16><286:16>
58(2)EDS
59(1)ds53<134:204><0:32><2:32><8:32><12:32><13:32><14:32><31:32><45:32>
<54:32><71:32><73:32><79:32><91:32><92:32><101:32><110:32><116:32><120:32>
<133:32><137:32><141:32><146:32><168:32><169:32><170:32><186:32><210:32><214:32>
<215:32><286:32>
60(1)ds36<141:209><0:33><2:33><8:33><12:33><13:33><14:33><31:33><45:33>
<54:33><71:33><73:33><79:33><91:33><92:33><101:33><110:33><116:33><137:33>
<146:33><168:33><169:33><170:33><186:33><210:33><214:33><215:33><286:33>
61(1)ds37<120:196><0:36><2:36><8:36><12:36><13:36><14:36><31:36><45:36>
<54:36><71:36><73:36><79:36><91:36><92:36><101:36><110:36><116:36><137:36>
<141:36><146:36><168:36><169:36><170:36><186:36><210:36><214:36><215:36><286:36>
62(1)ds32<133:203><0:37><2:37><8:37><12:37><13:37><14:37><31:37><45:37>
<54:37><71:37><73:37><79:37><91:37><92:37><101:37><110:37><116:37><120:37>
<137:37><141:37><146:37><168:37><169:37><170:37><186:37><210:37><214:37><215:37>
<286:37>
63(1)ds55<119:195><0:53><2:53><8:53><12:53><13:53><14:53><31:53><45:53>
<54:53><71:53><73:53><79:53><91:53><92:53><101:53><110:53><116:53><120:53>
<133:53><134:53><137:53><141:53><146:53><168:53><169:53><170:53><186:53><210:53>
<214:53><215:53><286:53>
64(1+1)ds33<2:69><45:144><79:144><146:144><210:144><0:42><8:42><12:42><13:42>
<14:42><31:42><54:42><71:42><73:42><91:42><92:42><101:42><110:42><116:42>
<137:42><168:42><169:42><170:42><186:42><214:42><215:42><286:42>
65(3){3:70}{157:217}<0:56><2:56><8:56><12:56><13:56><14:56><31:56>
<45:56><54:56><71:56><73:56><79:56><91:56><92:56><101:56><110:56><116:56>
<119:56><120:56><133:56><134:56><137:56><141:56><146:56><155:56><168:56><169:56>
<170:56><186:56><210:56><214:56><215:56><286:56>
66(2)REDS
67(0)
68(1)ds27<2:28><3:28><12:28><13:28><14:28><45:28><71:28><73:28><79:28>
<91:28><92:28><101:28><110:28><116:28><119:28><120:28><133:28><134:28><141:28>
<146:28><155:28><157:28><168:28><169:28><170:28><186:28><210:28>
69(2)ES
70(1+1)ds28<0:65><2:65><3:65><8:65><12:65><13:65><14:65><31:65><45:65>
<54:65><71:65><73:65><79:65><91:65><92:65><101:65><110:65><116:65><119:65>
<120:65><133:65><134:65><137:65><141:65><146:65><155:65><157:65><168:65><169:65>
<170:65><186:65><210:65><214:65><215:65><286:65>
71(2)RES
72(3)h{5:75}{7:82}{226:279}{250:288}{23:80}
73(1+4)REK455Sds5<0:16><31:16><54:16><137:16><214:16><215:16><286:16>
74(1+3)K455DSds5<0:16><31:16><54:16><137:16><214:16><215:16><286:16>
75(1+1)d<5:73>
76(1+1)d<5:74>
77(1+1){7:81}{23:114}
78(3)REK295DS
79(1+3)RESd<7:80>
80(1)ds5<0:16><31:16><54:16><137:16><214:16><215:16><286:16>
81(3)REK295DS
82(1+1)d<7:79>
83(1+1)d<8:88>
84(1+1)d<8:91><88:91><89:91>
85(1+1)d<8:92><88:92><89:92>
86(1+3)RK1Sd<8:89>
87(1)d<0:40><31:40><54:40><137:40><214:40><215:40><286:40>
88(4)REK375Sds87<0:40><31:40><54:40><137:40><214:40><215:40><286:40>
89(3)RK375Sds87<0:40><31:40><54:40><137:40><214:40><215:40><286:40>
90(3)df<88:175><89:175>
91(2)RES
92(2)RES
93(1+1)d<8:89>
94(2)REDS
95(3)h{94:178}{107:182}{9:98}
96(1)d<9:97>
97(3)RESd<9:80>
98(1){9:96}{97:179}
99(1+1)d<0:48><31:48><54:48><137:48><214:48><215:48><286:48>
100(1+1)ds15<0:52><31:52><54:52><137:52><214:52><215:52><286:52>
101(3)RESd<17:103>
102(4)REK530Sd<17:103>
103(1+1)ds5<0:16><31:16><54:16><137:16><214:16><215:16><286:16>
104(1)d<19:108><111:108>
105(1+1)d<19:111>
106(1+1)d<19:110><111:110>
107(2)REDS
108(1+1){19:109}{111:185}
109(3)RESds5<0:16><31:16><54:16><137:16><214:16><215:16><286:16>
110(3)REK455S
111(3)REK218DS
112(3)REK205DS
113(3)REK266DS
114(3)REK266DS
115(1+1)d<0:45><2:45><3:45><8:45><12:45><13:45><14:45><31:45><45:45>
<54:45><71:45><73:45><79:45><91:45><92:45><101:45><110:45><116:45><119:45>
<120:45><133:45><134:45><137:45><141:45><146:45><155:45><157:45><168:45><169:45>
<170:45><186:45><210:45><214:45><215:45><286:45>
116(2)RES
117(1)ds50<0:31><54:31><137:31><286:31>
118(1)d<32:119><204:119>
119(2)RES
120(2)RES
121(2)EDS
122(1+1)d<34:129><109:129><127:129><131:129><185:129><201:129>
123(1+3)df<34:131><109:131><131:131><185:131><201:131>
124(1)d<34:128><109:128><127:128><131:128><185:128><201:128>
125(3)df<34:126><109:126><131:126><185:126><201:126>
126(1)d<34:127><109:127><131:127><185:127><201:127>
127(1+3)RESd<34:130><109:130><131:130><185:130><201:130>
128(1+1)d<34:125><109:125><127:125><131:125><185:125><201:125>
129(2)RES
130(2)RDS{34:80}{109:183}{131:202}{185:238}{201:252}
131(3)RESds130<34:80><109:183><131:202><185:238><201:252>
132(1)d<36:133><196:133>
133(2)RES
134(2)RES
135(1+1)d<38:39>
136(1)ds47<0:46><31:46><54:46><137:46><214:46><215:46><286:46>
137(3)REK14S
138(1)d<42:141><69:141><144:141>
139(1)E
140(1)E
141(2)RES
142(1+1)d<0:44><2:44><3:44><8:44><12:44><13:44><14:44><31:44><45:44>
<54:44><71:44><73:44><79:44><91:44><92:44><101:44><110:44><116:44><119:44>
<120:44><133:44><134:44><137:44><141:44><146:44><155:44><157:44><168:44><169:44>
<170:44><186:44><210:44><214:44><215:44><286:44>
143(1+1)d<45:146><79:146><146:146><210:146>
144(4)Sh{45:145}{79:166}{146:212}
145(2)EDS
146(3)RESds144<45:145><79:166><146:212><210:212>
147(1+1)d<48:150><148:150><189:150><248:150>
148(3)REK478DS
149(1)d<0:49><31:49><54:49><137:49><214:49><215:49><286:49>
150(2)REDS
151(1+1)d<49:153>
152(1+1)ds49<0:47><31:47><54:47><137:47><214:47><215:47><286:47>
153(2)REDS
154(1)d<53:155><195:155>
155(2)RES
156(3)K467DSd<0:58>
157(2)RES
158(1)ds46<31:117><214:256><215:259><0:50><54:50><137:50><286:50>
159(1)ds28<0:65><2:65><3:65><8:65><12:65><13:65><14:65><31:65><45:65>
<54:65><71:65><73:65><79:65><91:65><92:65><101:65><110:65><116:65><119:65>
<120:65><133:65><134:65><137:65><141:65><146:65><155:65><157:65><168:65><169:65>
<170:65><186:65><210:65><214:65><215:65><286:65>
160(5)ih{102:181}{5:76}
161(3)REK425DS
162(1+3)K455DSds5<0:16><31:16><54:16><137:16><214:16><215:16><286:16>
163(3)REK425DS
164(1+3)h{78:165}{81:167}{113:191}
165(1+3)K461DSd<7:80>
166(1+1)d<7:80>
167(1+1)d<7:80>
168(2)RES
169(2)RES
170(2)RES
171(3)RK5Sd<86:172>
172(1+1)d<8:89>
173(3)RK522Sd<86:172>
174(3)RK513Sd<86:172>
175(1)ds87<0:40><31:40><54:40><137:40><214:40><215:40><286:40>
176(1+1)d<8:90><88:90><89:90>
177(1+1)ds176<8:90><88:90><89:90>
178(2)EDS
179(1)d<9:97>
180(1)d<17:103>
181(1)d<102:180>
182(1)ds104<19:108><111:108>
183(1)ds5<0:16><31:16><54:16><137:16><214:16><215:16><286:16>
184(3)EK455DS
185(3)RESds5<0:16><31:16><54:16><137:16><214:16><215:16><286:16>
186(2)RES
187(3)EK467S
188(3)RK194DSd<112:187>
189(3)REK478S
190(1+1)ds164<113:191><114:191>
191(1){113:192}{114:193}
192(3)K461DSd<23:80>
193(1)d<23:80>
194(1+3)df<0:35><31:35><54:35><137:35><214:35><215:35><286:35>
195(1+2)DSd<0:59><2:59><8:59><12:59><13:59><14:59><31:59><45:59><54:59>
<71:59><73:59><79:59><91:59><92:59><101:59><110:59><116:59><120:59><133:59>
<134:59><137:59><141:59><146:59><168:59><169:59><170:59><186:59><210:59><214:59>
<215:59><286:59>
196(1+2)Sd<0:60><2:60><8:60><12:60><13:60><14:60><31:60><45:60><54:60>
<71:60><73:60><79:60><91:60><92:60><101:60><110:60><116:60><137:60><141:60>
<146:60><168:60><169:60><170:60><186:60><210:60><214:60><215:60><286:60>
197(2)EDS
198(1)ds126<34:127><109:127><131:127><185:127><201:127>
199(1)d<129:200>
200(1)ds124<34:128><109:128><127:128><131:128><185:128><201:128>
201(3)RESds130<34:80><109:183><131:202><185:238><201:252>
202(1)ds130<34:80><109:183><131:202><185:238><201:252>
203(1+2)DSd<0:61><2:61><8:61><12:61><13:61><14:61><31:61><45:61><54:61>
<71:61><73:61><79:61><91:61><92:61><101:61><110:61><116:61><120:61><137:61>
<141:61><146:61><168:61><169:61><170:61><186:61><210:61><214:61><215:61><286:61>
204(1+2)DSd<0:62><2:62><8:62><12:62><13:62><14:62><31:62><45:62><54:62>
<71:62><73:62><79:62><91:62><92:62><101:62><110:62><116:62><120:62><133:62>
<137:62><141:62><146:62><168:62><169:62><170:62><186:62><210:62><214:62><215:62>
<286:62>
205(1)E
206(1+1){137:207}{208:253}
207(1+1)d<0:38><31:38><54:38><137:38><214:38><215:38><286:38>
208(3)REK467S
209(1+2)DSd<0:64><2:64><8:64><12:64><13:64><14:64><31:64><45:64><54:64>
<71:64><73:64><79:64><91:64><92:64><101:64><110:64><116:64><137:64><146:64>
<168:64><169:64><170:64><186:64><210:64><214:64><215:64><286:64>
210(1+3)RESd<144:211>
211(1)ds144<45:145><79:166><146:212><210:212>
212(1)ds144<45:145><79:166><146:212><210:212>
213(1)ds149<0:49><31:49><54:49><137:49><214:49><215:49><286:49>
214(3)REK14S
215(3)REK14S
216(1+2)DSd<0:63><2:63><8:63><12:63><13:63><14:63><31:63><45:63><54:63>
<71:63><73:63><79:63><91:63><92:63><101:63><110:63><116:63><119:63><120:63>
<133:63><134:63><137:63><141:63><146:63><168:63><169:63><170:63><186:63><210:63>
<214:63><215:63><286:63>
217(1+1)ds65<0:56><2:56><8:56><12:56><13:56><14:56><31:56><45:56><54:56>
<71:56><73:56><79:56><91:56><92:56><101:56><110:56><116:56><119:56><120:56>
<133:56><134:56><137:56><141:56><146:56><155:56><168:56><169:56><170:56><186:56>
<210:56><214:56><215:56><286:56>
218(3)REK327DS
219(3)REK344DS
220(3)REK327DS
221(1+1)ds5<0:16><31:16><54:16><137:16><214:16><215:16><286:16>
222(3)RK432DS{161:221}{163:225}
223(3)RK498DSds222<161:221><163:225>
224(3)RK484DSds222<161:221><163:225>
225(1+1)ds5<0:16><31:16><54:16><137:16><214:16><215:16><286:16>
226(2)RES
227(1+1){86:171}{173:233}{174:235}{234:281}{236:282}
228(1+3)i{171:230}{174:236}{231:280}{235:282}
229(1+3)i{171:231}{173:234}{230:280}{233:281}
230(3)RK10DSd<171:232>
231(3)RK517DSd<171:232>
232(1)d<86:172>
233(3)RK10DSd<173:232>
234(3)RK526DSd<173:232>
235(3)RK517DSd<174:232>
236(3)RK526DSd<174:232>
237(1)ds95<9:98><97:98>
238(1)ds5<0:16><31:16><54:16><137:16><214:16><215:16><286:16>
239(1+1)d<112:189><188:189><244:189>
240(1)E
241(1+2)DSd<187:242>
242(1+1)ds38<0:39><31:39><54:39><137:39><214:39><215:39><286:39>
243(1+1)d<188:245><244:245>
244(3)RK194DSd<112:187>
245(2)REDS
246(1)d<112:187>
247(1)d<188:244>
248(3)REK478DS
249(1+1){112:188}{188:247}{244:285}
250(2)RES
251(3)df<34:124><109:124><127:124><131:124><185:124><201:124>
252(1)ds130<34:80><109:183><131:202><185:238><201:252>
253(1+1)ds207<0:38><31:38><54:38><137:38><214:38><215:38><286:38>
254(1)E
255(1)E
256(1){48:149}{148:213}{189:249}{248:287}
257(1)E
258(1)E
259(1)d<49:152>
260(1+1)d<218:265><220:265>
261(1){218:267}{220:271}
262(3)REK352DS
263(2)EDS
264(2)EDS
265(3)REK352DS
266(3)h{223:275}{224:277}{276:292}{278:293}{161:222}
267(1+1)d<218:266>
268(1+1)d<219:269>
269(5)ih{224:278}{274:291}{277:293}{222:273}
270(5)ih{223:276}{273:291}{275:292}{222:274}
271(1+1)d<220:270>
272(1)ds222<161:221><163:225>
273(3)RK439DSd<222:272>
274(3)RK491DSd<222:272>
275(3)RK439DSd<223:272>
276(3)RK320DSd<223:272>
277(3)RK491DSd<224:272>
278(3)RK320DSd<224:272>
279(1+1)d<7:80>
280(1)d<171:232>
281(1)d<173:232>
282(1)d<174:232>
283(1)E
284(1)d<112:187>
285(1)d<188:244>
286(1+3)RK14S{188:246}{244:284}
287(1+1)ds249<112:188><188:247><244:285>
288(1)d<23:80>
289(1)ds261<218:267><220:271>
290(5){219:268}<218:261><220:261><262:289><265:289>
291(1)d<222:272>
292(1)d<223:272>
293(1)d<224:272>
294(1+1)ds286<188:246><244:284>
Section 32 has 214(6)^54(7)
Section 32 has 150(6)^0(7)
Section 33 has 215(6)^54(7)
Section 33 has 153(6)^0(7)
Section 52 has 150(6)^41(7)
Section 52 has 214(6)^137(7)
Section 53 has 153(6)^41(7)
Section 53 has 215(6)^137(7)
Section 65 has 150(6)^245(7)
Section 65 has 214(6)^286(7)
Section 67 has 153(6)^245(7)
Section 67 has 215(6)^286(7)
Rank 1
3 157 219 
Rank 2
2 119 120 133 134 141 155 218 220 
Rank 3
45 79 146 210 262 265 
Rank 4
8 13 71 73 91 92 101 110 116 168 169 170 186 
Rank 5
12 14 
Rank 6
31 150 153 214 215 
Rank 7
0 41 54 137 245 286 

States physical total 670
Ranked total 115

Partition  0 has   0 at    0:65535.
Partition  1 has   7 at    0:   6.
Partition  2 has  20 at    7:  26.
Partition  3 has  19 at   27:  45.
Partition  4 has  33 at   46:  78.
Partition  5 has   5 at   79:  83.
Partition  6 has  13 at   84:  96.
Partition  7 has  18 at   97: 114.
***** Part B completed.
54 to map low +cause 32&30
214 to map high +cause 32&30
0 to map low +cause 32&30
150 to map high +cause 32&30
215 to map high +cause 33&30
153 to map high +cause 33&30
41 to map low +cause 52&30
137 to map low +cause 52&30
245 to map low +cause 65&30
286 to map low +cause 65&30
32:214(6)^54(7)
32:150(6)^0(7)
33:215(6)^54(7)
33:153(6)^0(7)
52:150(6)^41(7)
52:214(6)^137(7)
53:153(6)^41(7)
53:215(6)^137(7)
65:150(6)^245(7)
65:214(6)^286(7)
67:153(6)^245(7)
67:215(6)^286(7)
2 positive, 4 negative, of 223
Partition  0 has   0 at    0: 830.
Partition  1 has  41 at    0: 160.
Partition  2 has 117 at  161: 316.
Partition  3 has 112 at  317: 430.
Partition  4 has 194 at  431: 624.
Partition  5 has  29 at  625: 653.
Partition  6 has  77 at  654: 730.
Partition  7 has 101 at  731: 830.
   0|   29   2  27  28   3   1   4  24 140  11   6  10  18  21  26
  15|  139 132 163 164 226 261  29   2  27  28   3   0   0  24 140
  30|    0   6  10  18  21  26 159         218 250 268  68   2  27
  45|   28   3 240   0 106 143 241 104 151 243 104 186   0     161
  60|               29   2  27  28   3   0      24 210  11   6  10
  75|   18  21  26 237                      29   2  27  28   3 205
  90|       24     206   6  10  18  21  26 251                    
 105|   29   2  27  28   3 254      24     255   6  10  18  21  26
 120|                           29   2  27  28   3 257      24    
 135|  258   6  10  18  21  26                          68   2  27
 150|   28   3       4 147 143                         142     182
 165|               72 115  72  72 118 113   0  71                
 180|                                      125 121 124 124 122    
 195|    0     123                             122                
 210|  125 121 124 124 122       0       0                        
 225|      122                  72      72  72      78            
 240|                                                  100 121 199
 255|                0                                            
 270|               95  94                   0                    
 285|                                      135                    
 300|                                                             
 315|  197                                                        
 330|                          283                                
 345|                                                  290        
 360|                                                             
 375|                                                             
 390|                                                             
 405|                                                             
 420|                                                             
 435|                                                             
 450|                                                             
 465|                                                             
 480|                                                             
 495|                                                             
 510|                                                             
 525|                                                             
 540|                                                             
 555|                                                             
 570|                                                             
 585|                                                             
 600|                                                             
 615|                                                             
 630|                                                             
 645|                                                             
 660|                                                             
 675|                                                             
 690|                                                             
 705|                                                             
 720|                                                             
 735|                                                             
 750|                                                             
 765|                                                             
 780|                                                             
 795|                                                             
 810|                                                             
 825|                         
32$30 section range 3:176
33$30 section range 3:176
52$30 section range 3:176
53$30 section range 3:176
65$30 section range 3:176
67$30 section range 3:176
0$30 section range 4,76
29$30 section range 4,99
32$30 section range 3:176
33$30 section range 3:176
35$30 section range 4,99
52$30 section range 3:176
53$30 section range 3:176
55$30 section range 3,99
64$30 section range 3,76
65$30 section range 3:176
67$30 section range 3:176
70$31 section range 3,99
71$31 section range 3,99
74$42 section range 4,193
75$42 section range 5,193
76$42 section range 4,193
77$42 section range 4,193
78$42 section range 4,193
79$42 section range 4,193
80$42 section range 4,193
81$42 section range 4,193
82$42 section range 4,193
83$42 section range 4,193
84$42 section range 4,193
85$42 section range 4,193
86$42 section range 5,193
87$42 section range 4,193
88$42 section range 2,193
89$42 section range 2,193
90$42 section range 3,193
91$42 section range 3,193
92$42 section range 3,193
93$42 section range 2,193
94$42 section range 3,193
95$42 section range 3,193
96$42 section range 2,193
97$42 section range 5,193
98$42 section range 5,193
99$42 section range 5,193
100$42 section range 5,193
101$42 section range 5,193
102$42 section range 5,193
103$42 section range 5,193
104$42 section range 5,193
105$42 section range 5,193
106$42 section range 5,193
107$42 section range 4,193
108$42 section range 4,193
109$42 section range 4,193
110$42 section range 4,193
111$42 section range 4,193
112$42 section range 4,193
113$42 section range 4,193
114$42 section range 4,193
115$42 section range 4,193
116$42 section range 2,193
117$42 section range 3,193
118$42 section range 3,193
119$42 section range 3,193
120$42 section range 2,193
121$42 section range 3,193
122$42 section range 3,193
123$42 section range 2,193
124$42 section range 3,193
125$42 section range 3,193
126$42 section range 3,193
127$42 section range 2,193
128$42 section range 3,193
129$42 section range 3,193
130$42 section range 2,193
131$42 section range 3,193
132$42 section range 3,193
133$42 section range 3,193
134$42 section range 3,193
135$42 section range 3,193
136$42 section range 3,193
137$42 section range 3,193
138$42 section range 3,193
139$42 section range 3,193
140$42 section range 3,193
141$42 section range 3,193
142$42 section range 3,193
143$42 section range 3,193
144$42 section range 3,193
145$42 section range 3,193
146$42 section range 3,193
147$42 section range 3,193
148$42 section range 2,193
149$42 section range 3,193
150$42 section range 3,193
151$42 section range 3,193
152$46 section range 3,76
153$46 section range 3,76
154$65 section range 2,160
179$144 section range 3,113
180$144 section range 3,113
181$144 section range 3,113
208$261 section range 3,155
All 295,Constrained 155
Remap
Sofar 70 Decid 0 0
Now 54
Hi of 214 to 728. 214^54=3 min 32
Hi of 215 to 728. 215^54=3 min 33
Sofar 70 Decid 0 0
Now 286
Sofar 70 Decid 0 0
Now 0
Sofar 70 Decid 0 0
Now 41
Sofar 70 Decid 0 0
Now 150
Sofar 70 Decid 0 0
Now 153
Sofar 70 Decid 0 0
Now 73
Sofar 70 Decid 0 0
Now 8
Sofar 70 Decid 0 0
Now 79
Sofar 70 Decid 0 0
Now 210
Sofar 70 Decid 0 0
Now 31
Sofar 70 Decid 0 0
Now 101
Sofar 70 Decid 0 0
Now 110
Sofar 70 Decid 0 0
Now 146
Sofar 70 Decid 0 0
Now 12
Sofar 70 Decid 0 0
Now 218
Sofar 70 Decid 0 0
Now 220
Sofar 70 Decid 0 0
Now 219
Sofar 70 Decid 0 0
Now 262
Sofar 70 Decid 0 0
Now 265
Sofar 70 Decid 0 0
Now 51
Sofar 70 Decid 0 0
Now 93
Sofar 70 Decid 0 0
Now 71
Sofar 70 Decid 0 0
Now 116
Sofar 70 Decid 0 0
Now 169
Sofar 70 Decid 0 0
Now 170
Sofar 70 Decid 0 0
Now 13
Sofar 70 Decid 0 0
Now 91
Sofar 70 Decid 0 0
Now 92
Sofar 70 Decid 0 0
Now 168
Sofar 70 Decid 0 0
Now 186
Sofar 70 Decid 0 0
Now 45
Sofar 70 Decid 0 0
Now 2
Sofar 70 Decid 0 0
Now 3
Sofar 70 Decid 0 0
Now 157
Sofar 70 Decid 0 0
Now 14
Sofar 70 Decid 0 0
Now 119
Sofar 70 Decid 0 0
Now 120
Sofar 70 Decid 0 0
Now 133
Sofar 70 Decid 0 0
Now 134
Sofar 70 Decid 0 0
Now 141
Sofar 70 Decid 0 0
Now 155
Sofar 70 Decid 0 0
Now 33
Sofar 70 Decid 0 0
Now 48
Sofar 70 Decid 0 0
Now 189
Sofar 70 Decid 0 0
Now 149
Sofar 70 Decid 0 0
Now 42
Sofar 70 Decid 0 0
Now 22
Sofar 70 Decid 0 0
Now 145
Sofar 70 Decid 0 0
Now 5
Sofar 70 Decid 0 0
Now 269
Sofar 70 Decid 0 0
Now 270
Sofar 70 Decid 0 0
Now 290
Sofar 70 Decid 0 0
Now 70
 70 map Wase Phys 82 1 1Taken 30 3 28
 70 map Wase Phys 83 1 1Taken 30 3 28
 70 map Wase Phys 203 1 1Taken 30 3 28
 70 map Wase Phys 204 1 1Taken 30 3 28
 70 map Wase Phys 207 1 1Taken 30 3 28
 70 map Wase Phys 208 1 1Taken 30 3 28
 70 map Wase Phys 209 1 1Taken 30 3 28
 70 map Wase Phys 247 1 1Taken 30 3 28
 70 map Wase Phys 260 1 1Taken 30 3 28
 70 map Wase Phys 261 1 1Taken 30 3 28
 70 map Wase Phys 262 1 1Taken 30 3 28
 70 map Wase Phys 270 1 1Taken 30 3 28
 70 map Wase Phys 271 1 1Taken 30 3 28
 70 map Wase Phys 344 1 1Taken 30 3 28
Sofar 70 Decid 1 344
Now 102
Sofar 70 Decid 1 344
Now 188
Sofar 70 Decid 1 344
Now 244
Sofar 70 Decid 1 344
Now 207
Sofar 70 Decid 1 344
Now 267
Sofar 70 Decid 1 344
Now 15
Sofar 70 Decid 1 344
Now 25
Sofar 70 Decid 1 344
Now 32
Sofar 70 Decid 1 344
Now 36
Sofar 70 Decid 1 344
Now 37
Sofar 70 Decid 1 344
Now 49
Sofar 70 Decid 1 344
Now 53
Sofar 70 Decid 1 344
Now 55
Sofar 70 Decid 1 344
Now 57
Sofar 70 Decid 1 344
Now 74
Sofar 70 Decid 1 344
Now 86
Sofar 70 Decid 1 344
Now 88
Sofar 70 Decid 1 344
Now 123
Sofar 70 Decid 1 344
Now 127
Sofar 70 Decid 1 344
Now 144
Sofar 70 Decid 1 344
Now 164
Sofar 70 Decid 1 344
Now 165
Sofar 70 Decid 1 344
Now 39
Sofar 70 Decid 1 344
Now 66
Sofar 70 Decid 1 344
Now 7
Sofar 70 Decid 1 344
Now 75
Sofar 70 Decid 1 344
Now 23
Sofar 70 Decid 1 344
Now 81
81 & 165 mean (167)+(78) fixed.
Scan for 78_0(3) space from 687 to 687 failed.
   0|   29   2  27  28   3   1   4  24 140  11   6  10  18  21  26
  15|  139 132 163 164 226 261  29   2  27  28   3   0   0  24 140
  30|    0   6  10  18  21  26 159   3   3 218 250 268  68   2  27
  45|   28   3 240   0 106 143 241 104 151 243 104 186   0     161
  60|  219 219 219  29   2  27  28   3   0      24 210  11   6  10
  75|   18  21  26 237 157 157 188 188 188  29   2  27  28   3 205
  90|       24     206   6  10  18  21  26 251   5   5   5   5   5
 105|   29   2  27  28   3 254      24     255   6  10  18  21  26
 120|   42  42  42  42  42  42  29   2  27  28   3 257      24    
 135|  258   6  10  18  21  26 269 269 269 269 269      68   2  27
 150|   28   3       4 147 143 270 270 270 270 270     142     182
 165|  218 218 218  72 115  72  72 118 113   0  71 220 220 220   2
 180|    2 119 119 120 120 133 133 134 134 125 121 124 124 122    
 195|    0     123 141 141 155 155 244 244 244 122 102 102 102 102
 210|  125 121 124 124 122       0       0  33  33  33  33  33  33
 225|   33 122 213     287 287  72      72  72 149  78 249 249    
 240|  156 156 156     294 294 207 207  51  51  51     100 121 199
 255|  208 208 208   0 267 267 167 167 162 162 162 162  93  93    
 270|  271 271 180  95  94 184 184 184       0 160 160 160 160 160
 285|  194 194 194 194 228 228 228 228     135 229 229 229 229  99
 300|   99 176 176 177 177 227 227 239 239 290 290 290 290 290    
 315|  197  79  79  79  79 210 210 210 210 146 146 146 262 262 262
 330|  265 265 265  45  45     283 148 148 148 248 248 248  70  70
 345|   48  48  48 189 189 189 112 112 112 166 166     290      22
 360|   22     212  15  15  15  15  25  25  25  25 145 145  32  32
 375|   32  32  36  36  36  36  37  37  37  37 217 217  49  49  49
 390|   49  53  53  53  53  55  55  55  55  57  57  57  57  74  74
 405|   74  74  86  86  86  86  88  88  88  88 123 123 123 123 127
 420|  127 127 127 144 144 144 144   7   7   7  73  73  73  73  73
 435|    8   8   8   8 101 101 101 110 110 110  75  75  71  71 164
 450|  164 164 164 116 116         169 169 165 165 165 165 170 170
 465|           13  13  91  91  92  92 168 168 186 186 136     158
 480|   23  23  23          39  39  66  66  81  81  81            
 495|                                                             
 510|                                                             
 525|                                                             
 540|          114 114 114                                        
 555|                                                             
 570|                                                             
 585|      253 253                                                
 600|                                                             
 615|                                           12  12  12  14  14
 630|                                                  247        
 645|                                       31  31  31            
 660|                                                             
 675|                                                   78  78  78
 690|                                                      214 214
 705|  214 215 215 215         150 150     153 153                
 720|                                               54  54  54  54
 735|  286 286 286 286   0   0   0         245 245 137 137 137    
 750|                   41  41                             285    
 765|                           82  82                            
 780|                                                             
 795|                                                             
 810|                                                             
 825|   80                    
81 difficulty to 4
114 difficulty to 4
167 difficulty to 4
78 difficulty to 4
Section 32 has 214(6)^54(7)
Section 32 has 150(6)^0(7)
Section 33 has 215(6)^54(7)
Section 33 has 153(6)^0(7)
Section 52 has 150(6)^41(7)
Section 52 has 214(6)^137(7)
Section 53 has 153(6)^41(7)
Section 53 has 215(6)^137(7)
Section 65 has 150(6)^245(7)
Section 65 has 214(6)^286(7)
Section 67 has 153(6)^245(7)
Section 67 has 215(6)^286(7)
Rank 1
3 157 219 
Rank 2
2 119 120 133 134 141 155 218 220 
Rank 3
45 79 146 210 262 265 
Rank 4
8 13 71 73 91 92 101 110 116 168 169 170 186 
Rank 5
12 14 
Rank 6
31 150 153 214 215 
Rank 7
0 41 54 137 245 286 

States physical total 670
Ranked total 115

Partition  0 has   0 at    0:65535.
Partition  1 has   7 at    0:   6.
Partition  2 has  20 at    7:  26.
Partition  3 has  19 at   27:  45.
Partition  4 has  33 at   46:  78.
Partition  5 has   5 at   79:  83.
Partition  6 has  13 at   84:  96.
Partition  7 has  18 at   97: 114.
***** Part B completed.
54 to map low +cause 32&30
214 to map high +cause 32&30
0 to map low +cause 32&30
150 to map high +cause 32&30
215 to map high +cause 33&30
153 to map high +cause 33&30
41 to map low +cause 52&30
137 to map low +cause 52&30
245 to map low +cause 65&30
286 to map low +cause 65&30
32:214(6)^54(7)
32:150(6)^0(7)
33:215(6)^54(7)
33:153(6)^0(7)
52:150(6)^41(7)
52:214(6)^137(7)
53:153(6)^41(7)
53:215(6)^137(7)
65:150(6)^245(7)
65:214(6)^286(7)
67:153(6)^245(7)
67:215(6)^286(7)
2 positive, 4 negative, of 223
Partition  0 has   0 at    0: 830.
Partition  1 has  41 at    0: 160.
Partition  2 has 117 at  161: 316.
Partition  3 has 112 at  317: 430.
Partition  4 has 194 at  431: 624.
Partition  5 has  29 at  625: 653.
Partition  6 has  77 at  654: 730.
Partition  7 has 101 at  731: 830.
   0|   29   2  27  28   3   1   4  24 140  11   6  10  18  21  26
  15|  139 132 163 164 226 261  29   2  27  28   3   0   0  24 140
  30|    0   6  10  18  21  26 159         218 250 268  68   2  27
  45|   28   3 240   0 106 143 241 104 151 243 104 186   0     161
  60|               29   2  27  28   3   0      24 210  11   6  10
  75|   18  21  26 237                      29   2  27  28   3 205
  90|       24     206   6  10  18  21  26 251                    
 105|   29   2  27  28   3 254      24     255   6  10  18  21  26
 120|                           29   2  27  28   3 257      24    
 135|  258   6  10  18  21  26                          68   2  27
 150|   28   3       4 147 143                         142     182
 165|               72 115  72  72 118 113   0  71                
 180|                                      125 121 124 124 122    
 195|    0     123                             122                
 210|  125 121 124 124 122       0       0                        
 225|      122                  72      72  72      78            
 240|                                                  100 121 199
 255|                0                                            
 270|               95  94                   0                    
 285|                                      135                    
 300|                                                             
 315|  197                                                        
 330|                          283                                
 345|                                                  290        
 360|                                                             
 375|                                                             
 390|                                                             
 405|                                                             
 420|                                                             
 435|                                                             
 450|                                                             
 465|                                                             
 480|                                                             
 495|                                                             
 510|                                                             
 525|                                                             
 540|                                                             
 555|                                                             
 570|                                                             
 585|                                                             
 600|                                                             
 615|                                                             
 630|                                                             
 645|                                                             
 660|                                                             
 675|                                                             
 690|                                                             
 705|                                                             
 720|                                                             
 735|                                                             
 750|                                                             
 765|                                                             
 780|                                                             
 795|                                                             
 810|                                                             
 825|                         
32$30 section range 3:176
33$30 section range 3:176
52$30 section range 3:176
53$30 section range 3:176
65$30 section range 3:176
67$30 section range 3:176
0$30 section range 4,76
29$30 section range 4,99
32$30 section range 3:176
33$30 section range 3:176
35$30 section range 4,99
52$30 section range 3:176
53$30 section range 3:176
55$30 section range 3,99
64$30 section range 3,76
65$30 section range 3:176
67$30 section range 3:176
70$31 section range 3,99
71$31 section range 3,99
74$42 section range 4,193
75$42 section range 5,193
76$42 section range 4,193
77$42 section range 4,193
78$42 section range 4,193
79$42 section range 4,193
80$42 section range 4,193
81$42 section range 4,193
82$42 section range 4,193
83$42 section range 4,193
84$42 section range 4,193
85$42 section range 4,193
86$42 section range 5,193
87$42 section range 4,193
88$42 section range 2,193
89$42 section range 2,193
90$42 section range 3,193
91$42 section range 3,193
92$42 section range 3,193
93$42 section range 2,193
94$42 section range 3,193
95$42 section range 3,193
96$42 section range 2,193
97$42 section range 5,193
98$42 section range 5,193
99$42 section range 5,193
100$42 section range 5,193
101$42 section range 5,193
102$42 section range 5,193
103$42 section range 5,193
104$42 section range 5,193
105$42 section range 5,193
106$42 section range 5,193
107$42 section range 4,193
108$42 section range 4,193
109$42 section range 4,193
110$42 section range 4,193
111$42 section range 4,193
112$42 section range 4,193
113$42 section range 4,193
114$42 section range 4,193
115$42 section range 4,193
116$42 section range 2,193
117$42 section range 3,193
118$42 section range 3,193
119$42 section range 3,193
120$42 section range 2,193
121$42 section range 3,193
122$42 section range 3,193
123$42 section range 2,193
124$42 section range 3,193
125$42 section range 3,193
126$42 section range 3,193
127$42 section range 2,193
128$42 section range 3,193
129$42 section range 3,193
130$42 section range 2,193
131$42 section range 3,193
132$42 section range 3,193
133$42 section range 3,193
134$42 section range 3,193
135$42 section range 3,193
136$42 section range 3,193
137$42 section range 3,193
138$42 section range 3,193
139$42 section range 3,193
140$42 section range 3,193
141$42 section range 3,193
142$42 section range 3,193
143$42 section range 3,193
144$42 section range 3,193
145$42 section range 3,193
146$42 section range 3,193
147$42 section range 3,193
148$42 section range 2,193
149$42 section range 3,193
150$42 section range 3,193
151$42 section range 3,193
152$46 section range 3,76
153$46 section range 3,76
154$65 section range 2,160
179$144 section range 3,113
180$144 section range 3,113
181$144 section range 3,113
208$261 section range 3,155
All 295,Constrained 155
Remap
Sofar 70 Decid 0 344
Now 54
Hi of 214 to 728. 214^54=3 min 32
Hi of 215 to 728. 215^54=3 min 33
Sofar 70 Decid 0 344
Now 286
Sofar 70 Decid 0 344
Now 0
Sofar 70 Decid 0 344
Now 41
Sofar 70 Decid 0 344
Now 150
Sofar 70 Decid 0 344
Now 153
Sofar 70 Decid 0 344
Now 73
Sofar 70 Decid 0 344
Now 8
Sofar 70 Decid 0 344
Now 79
Sofar 70 Decid 0 344
Now 210
Sofar 70 Decid 0 344
Now 31
Sofar 70 Decid 0 344
Now 101
Sofar 70 Decid 0 344
Now 110
Sofar 70 Decid 0 344
Now 146
Sofar 70 Decid 0 344
Now 12
Sofar 70 Decid 0 344
Now 78
Sofar 70 Decid 0 344
Now 81
Sofar 70 Decid 0 344
Now 114
Sofar 70 Decid 0 344
Now 165
Sofar 70 Decid 0 344
Now 218
Sofar 70 Decid 0 344
Now 220
Sofar 70 Decid 0 344
Now 219
Sofar 70 Decid 0 344
Now 262
Sofar 70 Decid 0 344
Now 265
Sofar 70 Decid 0 344
Now 51
Sofar 70 Decid 0 344
Now 93
Sofar 70 Decid 0 344
Now 71
Sofar 70 Decid 0 344
Now 116
Sofar 70 Decid 0 344
Now 169
Sofar 70 Decid 0 344
Now 170
Sofar 70 Decid 0 344
Now 13
Sofar 70 Decid 0 344
Now 91
Sofar 70 Decid 0 344
Now 92
Sofar 70 Decid 0 344
Now 168
Sofar 70 Decid 0 344
Now 186
Sofar 70 Decid 0 344
Now 45
Sofar 70 Decid 0 344
Now 2
Sofar 70 Decid 0 344
Now 3
Sofar 70 Decid 0 344
Now 157
Sofar 70 Decid 0 344
Now 14
Sofar 70 Decid 0 344
Now 119
Sofar 70 Decid 0 344
Now 120
Sofar 70 Decid 0 344
Now 133
Sofar 70 Decid 0 344
Now 134
Sofar 70 Decid 0 344
Now 141
Sofar 70 Decid 0 344
Now 155
Sofar 70 Decid 0 344
Now 33
Sofar 70 Decid 0 344
Now 48
Sofar 70 Decid 0 344
Now 189
Sofar 70 Decid 0 344
Now 7
Sofar 70 Decid 0 344
Now 149
Sofar 70 Decid 0 344
Now 42
Sofar 70 Decid 0 344
Now 22
Sofar 70 Decid 0 344
Now 5
Sofar 70 Decid 0 344
Now 75
Sofar 70 Decid 0 344
Now 145
Sofar 70 Decid 0 344
Now 269
Sofar 70 Decid 0 344
Now 270
Sofar 70 Decid 0 344
Now 290
Sofar 70 Decid 0 344
Now 113
Sofar 70 Decid 0 344
Now 226
Sofar 70 Decid 0 344
Now 70
 70 map Wase Phys 203 1 1Taken 30 3 28
 70 map Wase Phys 204 1 1Taken 30 3 28
 70 map Wase Phys 238 1 1Taken 30 3 28
 70 map Wase Phys 239 1 1Taken 30 3 28
 70 map Wase Phys 260 1 1Taken 30 3 28
 70 map Wase Phys 261 1 1Taken 30 3 28
 70 map Wase Phys 262 1 1Taken 30 3 28
 70 map Wase Phys 270 1 1Taken 30 3 28
 70 map Wase Phys 271 1 1Taken 30 3 28
 70 map Wase Phys 344 1 1Taken 30 3 28
 70 map Wase Phys 374 1 1Taken 30 3 28
Sofar 70 Decid 1 374
Now 102
Sofar 70 Decid 1 374
Now 188
Sofar 70 Decid 1 374
Now 244
Sofar 70 Decid 1 374
Now 192
Sofar 70 Decid 1 374
Now 207
Sofar 70 Decid 1 374
Now 267
Sofar 70 Decid 1 374
Now 15
Sofar 70 Decid 1 374
Now 25
Sofar 70 Decid 1 374
Now 32
Sofar 70 Decid 1 374
Now 36
Sofar 70 Decid 1 374
Now 37
Sofar 70 Decid 1 374
Now 49
Sofar 70 Decid 1 374
Now 53
Sofar 70 Decid 1 374
Now 55
Sofar 70 Decid 1 374
Now 57
Sofar 70 Decid 1 374
Now 74
Sofar 70 Decid 1 374
Now 86
Sofar 70 Decid 1 374
Now 88
Sofar 70 Decid 1 374
Now 123
Sofar 70 Decid 1 374
Now 127
Sofar 70 Decid 1 374
Now 144
Sofar 70 Decid 1 374
Now 164
Sofar 70 Decid 1 374
Now 39
Sofar 70 Decid 1 374
Now 66
Sofar 70 Decid 1 374
Now 250
Sofar 70 Decid 1 374
Now 34
Sofar 70 Decid 1 374
Now 109
Sofar 70 Decid 1 374
Now 131
Sofar 70 Decid 1 374
Now 185
Sofar 70 Decid 1 374
Now 19
Sofar 70 Decid 1 374
Now 201
Sofar 70 Decid 1 374
Now 76
Sofar 70 Decid 1 374
Now 117
Sofar 70 Decid 1 374
Now 171
Sofar 70 Decid 1 374
Now 173
Sofar 70 Decid 1 374
Now 231
Sofar 70 Decid 1 374
Now 174
Sofar 70 Decid 1 374
Now 230
Sofar 70 Decid 1 374
Now 17
Sofar 70 Decid 1 374
Now 38
Sofar 70 Decid 1 374
Now 46
Sofar 70 Decid 1 374
Now 56
Sofar 70 Decid 1 374
Now 65
Sofar 70 Decid 1 374
Now 72
Sofar 70 Decid 1 374
Now 89
Sofar 70 Decid 1 374
Now 90
Sofar 70 Decid 1 374
Now 95
Sofar 70 Decid 1 374
Now 97
Sofar 70 Decid 1 374
Now 125
Sofar 70 Decid 1 374
Now 161
Sofar 70 Decid 1 374
Now 163
Sofar 70 Decid 1 374
Now 221
Sofar 70 Decid 1 374
Now 222
Sofar 70 Decid 1 374
Now 223
Sofar 70 Decid 1 374
Now 274
Sofar 70 Decid 1 374
Now 224
Sofar 70 Decid 1 374
Now 273
Sofar 70 Decid 1 374
Now 187
Sofar 70 Decid 1 374
Now 195
Sofar 70 Decid 1 374
Now 196
Sofar 70 Decid 1 374
Now 203
Sofar 70 Decid 1 374
Now 204
Sofar 70 Decid 1 374
Now 209
Sofar 70 Decid 1 374
Now 216
Sofar 70 Decid 1 374
Now 241
Sofar 70 Decid 1 374
Now 251
Sofar 70 Decid 1 374
Now 266
Sofar 70 Decid 1 374
Now 9
Sofar 70 Decid 1 374
Now 69
Sofar 70 Decid 1 374
Now 94
Sofar 70 Decid 1 374
Now 98
Sofar 70 Decid 1 374
Now 107
Sofar 70 Decid 1 374
Now 96
Sofar 70 Decid 1 374
Now 246
Sofar 70 Decid 1 374
Now 268
Sofar 70 Decid 1 374
Now 6
Sofar 70 Decid 1 374
Now 16
Sofar 70 Decid 1 374
Now 20
Sofar 70 Decid 1 374
Now 21
Sofar 70 Decid 1 374
Now 28
Sofar 70 Decid 1 374
Now 29
Sofar 70 Decid 1 374
Now 30
Sofar 70 Decid 1 374
Now 35
Sofar 70 Decid 1 374
Now 43
Sofar 70 Decid 1 374
Now 58
Sofar 70 Decid 1 374
Now 64
Sofar 70 Decid 1 374
Now 77
Sofar 70 Decid 1 374
Now 83
Sofar 70 Decid 1 374
Now 84
Sofar 70 Decid 1 374
Now 85
Sofar 70 Decid 1 374
Now 100
Sofar 70 Decid 1 374
Now 103
Sofar 70 Decid 1 374
Now 105
Sofar 70 Decid 1 374
Now 106
Sofar 70 Decid 1 374
Now 108
Sofar 70 Decid 1 374
Now 115
Sofar 70 Decid 1 374
Now 121
Sofar 70 Decid 1 374
Now 122
Sofar 70 Decid 1 374
Now 128
Sofar 70 Decid 1 374
Now 129
Sofar 70 Decid 1 374
Now 130
Sofar 70 Decid 1 374
Now 135
Sofar 70 Decid 1 374
Now 142
Sofar 70 Decid 1 374
Now 143
Sofar 70 Decid 1 374
Now 147
Sofar 70 Decid 1 374
Now 151
Sofar 70 Decid 1 374
Now 152
Sofar 70 Decid 1 374
Now 172
Sofar 70 Decid 1 374
Now 190
Sofar 70 Decid 1 374
Now 197
Sofar 70 Decid 1 374
Now 206
Sofar 70 Decid 1 374
Now 242
Sofar 70 Decid 1 374
Now 243
Sofar 70 Decid 1 374
Now 260
Sofar 70 Decid 1 374
Now 263
Sofar 70 Decid 1 374
Now 264
Sofar 70 Decid 1 374
Now 1
Sofar 70 Decid 1 374
Now 4
Sofar 70 Decid 1 374
Now 10
Sofar 70 Decid 1 374
Now 11
Sofar 70 Decid 1 374
Now 18
Sofar 70 Decid 1 374
Now 24
Sofar 70 Decid 1 374
Now 26
Sofar 70 Decid 1 374
Now 27
Sofar 70 Decid 1 374
Now 40
Sofar 70 Decid 1 374
Now 44
Sofar 70 Decid 1 374
Now 47
Sofar 70 Decid 1 374
Now 50
Sofar 70 Decid 1 374
Now 52
Sofar 70 Decid 1 374
Now 59
Sofar 70 Decid 1 374
Now 60
Sofar 70 Decid 1 374
Now 61
Sofar 70 Decid 1 374
Now 62
Sofar 70 Decid 1 374
Now 63
Sofar 70 Decid 1 374
Now 68
Sofar 70 Decid 1 374
Now 87
Sofar 70 Decid 1 374
Now 104
Sofar 70 Decid 1 374
Now 118
Sofar 70 Decid 1 374
Now 124
Sofar 70 Decid 1 374
Now 126
Sofar 70 Decid 1 374
Now 132
Sofar 70 Decid 1 374
Now 138
Sofar 70 Decid 1 374
Now 139
Sofar 70 Decid 1 374
Now 140
Sofar 70 Decid 1 374
Now 154
Sofar 70 Decid 1 374
Now 159
Sofar 70 Decid 1 374
Now 175
Sofar 70 Decid 1 374
Now 198
Sofar 70 Decid 1 374
Now 199
Sofar 70 Decid 1 374
Now 200
Sofar 70 Decid 1 374
Now 205
Sofar 70 Decid 1 374
Now 211
Sofar 70 Decid 1 374
Now 232
Sofar 70 Decid 1 374
Now 237
Sofar 70 Decid 1 374
Now 240
Sofar 70 Decid 1 374
Now 254
Sofar 70 Decid 1 374
Now 255
Sofar 70 Decid 1 374
Now 257
Sofar 70 Decid 1 374
Now 258
Sofar 70 Decid 1 374
Now 261
Sofar 70 Decid 1 374
Now 272
Sofar 70 Decid 1 374
Now 283
Sofar 70 Decid 1 374
Now 289
Sofar 70 Decid 1 374
Confirmed so far.
Through all
   0|   29   2  27  28   3   1   4  24 140  11   6  10  18  21  26
  15|  139 132 163 164 226 261  29   2  27  28   3   0   0  24 140
  30|    0   6  10  18  21  26 159   3   3 218 250 268  68   2  27
  45|   28   3 240   0 106 143 241 104 151 243 104 186   0   1 161
  60|   78  78  78  29   2  27  28   3   0   4  24 210  11   6  10
  75|   18  21  26 237  81  81  81 157 157  29   2  27  28   3 205
  90|   10  24  11 206   6  10  18  21  26 251 114 114 114 166 166
 105|   29   2  27  28   3 254 212  24  18 255   6  10  18  21  26
 120|  145 145 165 165 165 165  29   2  27  28   3 257  24  24  26
 135|  258   6  10  18  21  26 167 167 219 219 219  27  68   2  27
 150|   28   3  40   4 147 143  42  42  42  42  42  42 142  44 182
 165|  218 218 218  72 115  72  72 118 113   0  71 220 220 220   2
 180|    2 119 119 120 120 133 133 134 134 125 121 124 124 122  47
 195|    0  50 123 141 141 155 155 207 207 246 122   7   7   7 284
 210|  125 121 124 124 122  52   0  59   0  33  33  33  33  33  33
 225|   33 122  23  23  23  60  72  61  72  72  62  78 192 192 192
 240|  156 156 156  63 294 294 226 226  51  51  51  68 100 121 199
 255|  208 208 208   0 102 102 102 102 162 162 162 162  93  93  34
 270|   34  34 180  95  94 184 184 184  87   0 160 160 160 160 160
 285|  194 194 194 194 228 228 228 228 104 135 229 229 229 229  99
 300|   99 176 176 177 177 227 227 239 239   5   5   5   5   5 118
 315|  197  79  79  79  79 210 210 210 210 146 146 146 262 262 262
 330|  265 265 265  45  45 158 283 148 148 148 248 248 248  66  66
 345|   48  48  48 189 189 189 213 124 287 287  82  82 290 126 149
 360|  132 249 249 112 112 112 269 269 269 269 269  22  22  70  70
 375|  250 250  80 270 270 270 270 270 290 290 290 290 290 113 113
 390|  113 138 188 188 188 279 279 244 244 244 267 267  15  15  15
 405|   15  25  25  25  25 139 271 271  32  32  32  32 140 217 217
 420|  136 247  36  36  36  36 285  96  39  39  73  73  73  73  73
 435|    8   8   8   8 101 101 101 110 110 110   9   9  71  71  69
 450|   69 191 154 116 116  94  94 169 169  75  75 107 107 170 170
 465|  268 268  13  13  91  91  92  92 168 168 186 186  37  37  37
 480|   37  49  49  49  49  53  53  53  53  55  55  55  55  57  57
 495|   57  57  74  74  74  74  86  86  86  86  88  88  88  88 123
 510|  123 123 123 127 127 127 127 144 144 144 144 164 164 164 164
 525|  288 109 109 109 131 131 131 185 185 185 201 201 201  19  19
 540|   19 181 253 253 111 111 111 117 171 171 171 231 231 231 173
 555|  173 173 234 234 234 174 174 174 230 230 230 280  17  17  17
 570|   38  38  38   6   6 236 236 236  46  46  46  56  56  56  65
 585|   65  65  72  72  72 159  76  76  89  89  89 256 179 175 259
 600|  233 233 233 281  16  16 235 235 235  90  90  90  95  95  95
 615|   97  97  97 125 125 125 282 161 161 161  12  12  12  14  14
 630|  163 163 163 198 183  20  20 202 221 221 238  21  21 252  28
 645|   28 225 225 222 222 222 223 223 223  31  31  31 274 274 274
 660|  276 276 276 224 224 224 187 187 187 195 195 195 196 196 196
 675|   29  29 275 275 275 203 203 203 273 273 273 292  30  30 277
 690|  277 277 291 204 204 204  35  35 278 278 278  43  43 214 214
 705|  214 215 215 215  58  58 150 150 199 153 153 209 209 209 216
 720|  216 216  64  64 293 241 241 241 251 251 251  54  54  54  54
 735|  286 286 286 286   0   0   0  98 200 245 245 137 137 137 266
 750|  266 266 178 178  41  41  77  77 182  83  83  84  84  85  85
 765|  100 100 103 103 105 105 106 106 108 108 115 115 121 121 205
 780|  193 122 122 128 128 129 129 130 130 135 135 142 142 143 143
 795|  147 147 151 151 152 152 172 172 190 190 197 197 206 206 242
 810|  242 243 243 260 260 263 263 264 264 211 232 237 240 254 255
 825|  257 258 261 272 283 289
PACK finished normally.
