
/*S86@1*/char Keys[]={32,2,'B','Y'/*S171@5*/,44,3,'F','O','R'/*S230@10*//*S233@
10*/,83,18,'T','O'/*S215@14*//*S214@14*//*S137@14*//*S54@14*//*S0@14*//*S286@14
*//*S31@14*/,29,7,'A','D','D','R','E','S','S',31,3,'A','R','G',33,4,'C'
,'A','L','L',35,2,'D','O',36,4,'D','R','O','P',37,4,'E','L','S','E',38,3
,'E','N','D',41,4,'E','X','I','T',49,2,'I','F',51,9,'I','N','T','E','R'
,'P','R','E','T',52,7,'I','T','E','R','A','T','E',53,5,'L','E','A','V','E',57,3
,'N','O','P',61,7,'N','U','M','E','R','I','C',64,7,'O','P','T','I','O','N'
,'S',84,5,'T','R','A','C','E',67,5,'P','A','R','S','E',68,9,'P','R','O'
,'C','E','D','U','R','E',69,4,'P','U','L','L',70,4,'P','U','S','H',71,5
,'Q','U','E','U','E',73,6,'R','E','T','U','R','N',74,3,'S','A','Y',76,6
,'S','E','L','E','C','T',77,6,'S','I','G','N','A','L',82,4,'T','H','E','N'/*S
188@194*//*S244@194*/,65,9,'O','T','H','E','R','W','I','S','E'/*S112@205*/,90,
20,'W','H','E','N'/*S19@211*/,86,5,'U','P','P','E','R'/*S111@218*/,31,3
,'A','R','G',54,6,'L','I','N','E','I','N',69,4,'P','U','L','L',78,6,'S'
,'O','U','R','C','E',89,7,'V','E','R','S','I','O','N',88,3,'V','A','R'/*S5@259
*//*S25@259*/,87,21,'V','A','L','U','E'/*S114@266*//*S113@266*/,55,10,'L'
,'O','S','T','D','I','G','I','T','S',81,6,'S','Y','N','T','A','X',60,7,'N'
,'O','V','A','L','U','E'/*S78@295*//*S81@295*/,59,8,'N','O','T','R','E'
,'A','D','Y',43,7,'F','A','I','L','U','R','E',48,4,'H','A','L','T'/*S276@320*/
/*S278@320*/,40,21,'E','R','R','O','R'/*S220@327*//*S218@327*/,30,6,'A'
,'P','P','E','N','D',72,7,'R','E','P','L','A','C','E'/*S219@344*/,58,6,'N'
,'O','R','M','A','L'/*S262@352*//*S265@352*/,79,4,'S','T','E','M',80,22
,'S','T','R','E','A','M'/*S8@366*/,45,7,'F','O','R','E','V','E','R'/*S88@375*/
/*S89@375*/,85,5,'U','N','T','I','L',91,21,'W','H','I','L','E'/*S17@389*/,34,6
,'D','I','G','I','T','S',46,4,'F','O','R','M',47,20,'F','U','Z','Z'/*S23@409*/,
87,5,'V','A','L','U','E'/*S7@416*/,62,3,'O','F','F',63,18,'O','N'/*S163@425*/
/*S161@425*/,40,5,'E','R','R','O','R'/*S222@432*/,50,5,'I','N','P','U','T'/*S
273@439*//*S275@439*/,66,22,'O','U','T','P','U','T'/*S57@447*/,42,22,'E'
,'X','P','O','S','E'/*S184@455*//*S162@455*//*S110@455*//*S74@455*//*S73@455*/,
92,20,'W','I','T','H'/*S192@461*//*S165@461*/,56,20,'N','A','M','E'/*S208@467*/
/*S187@467*//*S156@467*//*S51@467*/,38,19,'E','N','D'/*S49@472*/,37,20,'E'
,'L','S','E'/*S248@478*//*S189@478*//*S148@478*//*S48@478*/,82,20,'T','H'
,'E','N'/*S224@484*/,40,5,'E','R','R','O','R'/*S274@491*//*S277@491*/,50,21
,'I','N','P','U','T'/*S223@498*/,40,5,'E','R','R','O','R',66,22,'O','U'
,'T','P','U','T'/*S174@513*/,32,2,'B','Y'/*S231@517*//*S235@517*/,44,19
,'F','O','R'/*S173@522*/,83,2,'T','O'/*S234@526*//*S236@526*/,32,18,'B'
,'Y'/*S102@530*/,39,11,'E','N','G','I','N','E','E','R','I','N','G',75,10
,'S','C','I','E','N','T','I','F','I','C',87,21,'V','A','L','U','E',0,16};
